>> in all_atom_contacts 1ris.pdb
Atoms in pdb    816
Residues in pdb 97
Found 211 contacts in all-atom file 1ris.pdb with cut-off 0.45 nm
See file: contacts.txt for reading into other codes like SMOG. 
 See file: pdb_contacts for details.
>> in get_side_chain_COM: 1ris.pdb False
<Chain id=A>
Excluding glycine, res =  34
Excluding glycine, res =  44
Excluding glycine, res =  58
>> in get_back_bone_COM 1ris.pdb
>>in write_CB_to_native: 1ris.pdb False
See file: native_cb.pdb with  191 atoms
CB= 94 CA= 97
True
>> in write_atomtypes_section 1ris.pdb 1 False 4.0
>> in get_atom_types: 1 False
95
95 95
>> in write_atoms_section1	 1 1ris.pdb True
>>writing contacts section,atomtype= 1 SOPC= False
>> in get_side_chain_COM: 1ris.pdb False
<Chain id=A>
Excluding glycine, res =  34
Excluding glycine, res =  44
Excluding glycine, res =  58
>> in get_back_bone_COM 1ris.pdb
>>in write_CB_to_native: 1ris.pdb False
See file: native_cb.pdb with  191 atoms
CB= 94 CA= 97
>> in all_atom_contacts 1ris.pdb
Atoms in pdb    816
Residues in pdb 97
Found 211 contacts in all-atom file 1ris.pdb with cut-off 0.45 nm
See file: contacts.txt for reading into other codes like SMOG. 
 See file: pdb_contacts for details.
>>writing bonds_section: Native=  native_ca.pdb
>>writing angles_section native_ca.pdb 40
>>writing dihedrals section native_ca.pdb 1
>>Writing exclusions section.
>>writing GROMACS header section gromacs.top
>> writing GROMACS atomtypes section gromacs.top 1 1ris.pdb False 4.0
>> in write_atomtypes_section 1ris.pdb 1 False 4.0
>> in get_atom_types: 1 False
95
95 95
>>writing GROMACS moleculetypesection gromacs.top
>> writing GROMACS atom section gromacs.top 1 1ris.pdb native_ca.pdb False
>> in write_atoms_section1	 1 1ris.pdb False
>> in get_atom_types: 1 False
95
95 95
>> writing GROMACS bonds section gromacs.top 1 native_ca.pdb 200
>>writing bonds_section: Native=  native_ca.pdb
>>in get_pairs_ext contacts.txt
No. of contacts read from file contacts.txt = 211
0
('>>in make_dir:', 'MD')
('>>in make_dir:', 'MD/table_files')
>>in get_pairs_ext contacts.txt
No. of contacts read from file contacts.txt = 211
rcm,rssm,rdb,eps,epsssm,epsdb= 9.030503630638123 12.030503630638123 10.530503630638123 1 0.2 0.1
rcm,rssm,rdb,eps,epsssm,epsdb= 9.533641934394836 12.533641934394836 11.033641934394836 1 0.2 0.1
rcm,rssm,rdb,eps,epsssm,epsdb= 6.04584276676178 9.04584276676178 7.54584276676178 1 0.2 0.1
rcm,rssm,rdb,eps,epsssm,epsdb= 4.8754459619522095 7.8754459619522095 6.3754459619522095 1 0.2 0.1
rcm,rssm,rdb,eps,epsssm,epsdb= 4.216839671134949 7.216839671134949 5.716839671134949 1 0.2 0.1
rcm,rssm,rdb,eps,epsssm,epsdb= 8.290502429008484 11.290502429008484 9.790502429008484 1 0.2 0.1
rcm,rssm,rdb,eps,epsssm,epsdb= 5.392628312110901 8.3926283121109 6.892628312110901 1 0.2 0.1
rcm,rssm,rdb,eps,epsssm,epsdb= 5.669859051704407 8.669859051704407 7.169859051704407 1 0.2 0.1
rcm,rssm,rdb,eps,epsssm,epsdb= 6.173475384712219 9.17347538471222 7.673475384712219 1 0.2 0.1
rcm,rssm,rdb,eps,epsssm,epsdb= 9.222813248634338 12.222813248634338 10.722813248634338 1 0.2 0.1
rcm,rssm,rdb,eps,epsssm,epsdb= 9.441757202148438 12.441757202148438 10.941757202148438 1 0.2 0.1
rcm,rssm,rdb,eps,epsssm,epsdb= 7.129637598991394 10.129637598991394 8.629637598991394 1 0.2 0.1
rcm,rssm,rdb,eps,epsssm,epsdb= 5.596725344657898 8.596725344657898 7.096725344657898 1 0.2 0.1
rcm,rssm,rdb,eps,epsssm,epsdb= 4.200924336910248 7.200924336910248 5.700924336910248 1 0.2 0.1
rcm,rssm,rdb,eps,epsssm,epsdb= 6.262739300727844 9.262739300727844 7.762739300727844 1 0.2 0.1
rcm,rssm,rdb,eps,epsssm,epsdb= 5.529680848121643 8.529680848121643 7.029680848121643 1 0.2 0.1
rcm,rssm,rdb,eps,epsssm,epsdb= 8.019049167633057 11.019049167633057 9.519049167633057 1 0.2 0.1
rcm,rssm,rdb,eps,epsssm,epsdb= 8.17051887512207 11.17051887512207 9.67051887512207 1 0.2 0.1
rcm,rssm,rdb,eps,epsssm,epsdb= 5.974512100219727 8.974512100219727 7.474512100219727 1 0.2 0.1
rcm,rssm,rdb,eps,epsssm,epsdb= 5.453404188156128 8.453404188156128 6.953404188156128 1 0.2 0.1
rcm,rssm,rdb,eps,epsssm,epsdb= 7.5828176736831665 10.582817673683167 9.082817673683167 1 0.2 0.1
rcm,rssm,rdb,eps,epsssm,epsdb= 8.928950428962708 11.928950428962708 10.428950428962708 1 0.2 0.1
rcm,rssm,rdb,eps,epsssm,epsdb= 8.919445276260376 11.919445276260376 10.419445276260376 1 0.2 0.1
rcm,rssm,rdb,eps,epsssm,epsdb= 6.511000990867615 9.511000990867615 8.011000990867615 1 0.2 0.1
rcm,rssm,rdb,eps,epsssm,epsdb= 5.644628405570984 8.644628405570984 7.144628405570984 1 0.2 0.1
rcm,rssm,rdb,eps,epsssm,epsdb= 4.354347884654999 7.354347884654999 5.854347884654999 1 0.2 0.1
rcm,rssm,rdb,eps,epsssm,epsdb= 4.654250741004944 7.654250741004944 6.154250741004944 1 0.2 0.1
rcm,rssm,rdb,eps,epsssm,epsdb= 6.863007545471191 9.863007545471191 8.363007545471191 1 0.2 0.1
rcm,rssm,rdb,eps,epsssm,epsdb= 5.545807480812073 8.545807480812073 7.045807480812073 1 0.2 0.1
rcm,rssm,rdb,eps,epsssm,epsdb= 8.21213185787201 11.21213185787201 9.71213185787201 1 0.2 0.1
rcm,rssm,rdb,eps,epsssm,epsdb= 5.628416538238525 8.628416538238525 7.128416538238525 1 0.2 0.1
rcm,rssm,rdb,eps,epsssm,epsdb= 5.420049428939819 8.42004942893982 6.920049428939819 1 0.2 0.1
rcm,rssm,rdb,eps,epsssm,epsdb= 5.595675706863403 8.595675706863403 7.095675706863403 1 0.2 0.1
rcm,rssm,rdb,eps,epsssm,epsdb= 8.207895159721375 11.207895159721375 9.707895159721375 1 0.2 0.1
rcm,rssm,rdb,eps,epsssm,epsdb= 5.663716793060303 8.663716793060303 7.163716793060303 1 0.2 0.1
rcm,rssm,rdb,eps,epsssm,epsdb= 5.057184100151062 8.057184100151062 6.557184100151062 1 0.2 0.1
rcm,rssm,rdb,eps,epsssm,epsdb= 7.487606406211853 10.487606406211853 8.987606406211853 1 0.2 0.1
rcm,rssm,rdb,eps,epsssm,epsdb= 10.444555282592773 13.444555282592773 11.944555282592773 1 0.2 0.1
rcm,rssm,rdb,eps,epsssm,epsdb= 7.054475545883179 10.054475545883179 8.554475545883179 1 0.2 0.1
rcm,rssm,rdb,eps,epsssm,epsdb= 5.947905778884888 8.947905778884888 7.447905778884888 1 0.2 0.1
rcm,rssm,rdb,eps,epsssm,epsdb= 4.4767457246780396 7.4767457246780396 5.9767457246780396 1 0.2 0.1
rcm,rssm,rdb,eps,epsssm,epsdb= 6.030632257461548 9.030632257461548 7.530632257461548 1 0.2 0.1
rcm,rssm,rdb,eps,epsssm,epsdb= 4.69470888376236 7.69470888376236 6.19470888376236 1 0.2 0.1
rcm,rssm,rdb,eps,epsssm,epsdb= 7.84801721572876 10.84801721572876 9.34801721572876 1 0.2 0.1
rcm,rssm,rdb,eps,epsssm,epsdb= 5.651513338088989 8.65151333808899 7.151513338088989 1 0.2 0.1
rcm,rssm,rdb,eps,epsssm,epsdb= 5.1197391748428345 8.119739174842834 6.6197391748428345 1 0.2 0.1
rcm,rssm,rdb,eps,epsssm,epsdb= 8.269673585891724 11.269673585891724 9.769673585891724 1 0.2 0.1
rcm,rssm,rdb,eps,epsssm,epsdb= 9.375287294387817 12.375287294387817 10.875287294387817 1 0.2 0.1
rcm,rssm,rdb,eps,epsssm,epsdb= 8.223543167114258 11.223543167114258 9.723543167114258 1 0.2 0.1
rcm,rssm,rdb,eps,epsssm,epsdb= 5.930861830711365 8.930861830711365 7.430861830711365 1 0.2 0.1
rcm,rssm,rdb,eps,epsssm,epsdb= 5.1601642370224 8.1601642370224 6.6601642370224 1 0.2 0.1
rcm,rssm,rdb,eps,epsssm,epsdb= 8.414274454116821 11.414274454116821 9.914274454116821 1 0.2 0.1
rcm,rssm,rdb,eps,epsssm,epsdb= 8.639567494392395 11.639567494392395 10.139567494392395 1 0.2 0.1
rcm,rssm,rdb,eps,epsssm,epsdb= 6.934730410575867 9.934730410575867 8.434730410575867 1 0.2 0.1
rcm,rssm,rdb,eps,epsssm,epsdb= 5.747098326683044 8.747098326683044 7.247098326683044 1 0.2 0.1
rcm,rssm,rdb,eps,epsssm,epsdb= 4.663644731044769 7.663644731044769 6.163644731044769 1 0.2 0.1
rcm,rssm,rdb,eps,epsssm,epsdb= 9.214480519294739 12.214480519294739 10.714480519294739 1 0.2 0.1
rcm,rssm,rdb,eps,epsssm,epsdb= 5.642306804656982 8.642306804656982 7.142306804656982 1 0.2 0.1
rcm,rssm,rdb,eps,epsssm,epsdb= 5.4613566398620605 8.46135663986206 6.9613566398620605 1 0.2 0.1
rcm,rssm,rdb,eps,epsssm,epsdb= 4.717466831207275 7.717466831207275 6.217466831207275 1 0.2 0.1
rcm,rssm,rdb,eps,epsssm,epsdb= 8.566494584083557 11.566494584083557 10.066494584083557 1 0.2 0.1
rcm,rssm,rdb,eps,epsssm,epsdb= 6.0084497928619385 9.008449792861938 7.5084497928619385 1 0.2 0.1
rcm,rssm,rdb,eps,epsssm,epsdb= 5.314922332763672 8.314922332763672 6.814922332763672 1 0.2 0.1
rcm,rssm,rdb,eps,epsssm,epsdb= 4.97248113155365 7.97248113155365 6.47248113155365 1 0.2 0.1
rcm,rssm,rdb,eps,epsssm,epsdb= 8.57150137424469 11.57150137424469 10.07150137424469 1 0.2 0.1
rcm,rssm,rdb,eps,epsssm,epsdb= 8.638792634010315 11.638792634010315 10.138792634010315 1 0.2 0.1
rcm,rssm,rdb,eps,epsssm,epsdb= 5.630418062210083 8.630418062210083 7.130418062210083 1 0.2 0.1
rcm,rssm,rdb,eps,epsssm,epsdb= 4.959784150123596 7.959784150123596 6.459784150123596 1 0.2 0.1
rcm,rssm,rdb,eps,epsssm,epsdb= 7.831027507781982 10.831027507781982 9.331027507781982 1 0.2 0.1
rcm,rssm,rdb,eps,epsssm,epsdb= 5.534762740135193 8.534762740135193 7.034762740135193 1 0.2 0.1
rcm,rssm,rdb,eps,epsssm,epsdb= 4.6378690004348755 7.6378690004348755 6.1378690004348755 1 0.2 0.1
rcm,rssm,rdb,eps,epsssm,epsdb= 5.2322351932525635 8.232235193252563 6.7322351932525635 1 0.2 0.1
rcm,rssm,rdb,eps,epsssm,epsdb= 6.216458678245544 9.216458678245544 7.716458678245544 1 0.2 0.1
rcm,rssm,rdb,eps,epsssm,epsdb= 5.161643028259277 8.161643028259277 6.661643028259277 1 0.2 0.1
rcm,rssm,rdb,eps,epsssm,epsdb= 6.26076877117157 9.26076877117157 7.76076877117157 1 0.2 0.1
rcm,rssm,rdb,eps,epsssm,epsdb= 6.817176938056946 9.817176938056946 8.317176938056946 1 0.2 0.1
rcm,rssm,rdb,eps,epsssm,epsdb= 8.12076210975647 11.12076210975647 9.62076210975647 1 0.2 0.1
rcm,rssm,rdb,eps,epsssm,epsdb= 6.308045983314514 9.308045983314514 7.808045983314514 1 0.2 0.1
rcm,rssm,rdb,eps,epsssm,epsdb= 4.646476209163666 7.646476209163666 6.146476209163666 1 0.2 0.1
rcm,rssm,rdb,eps,epsssm,epsdb= 4.926171898841858 7.926171898841858 6.426171898841858 1 0.2 0.1
rcm,rssm,rdb,eps,epsssm,epsdb= 9.427672624588013 12.427672624588013 10.927672624588013 1 0.2 0.1
rcm,rssm,rdb,eps,epsssm,epsdb= 9.484758377075195 12.484758377075195 10.984758377075195 1 0.2 0.1
rcm,rssm,rdb,eps,epsssm,epsdb= 9.672969579696655 12.672969579696655 11.172969579696655 1 0.2 0.1
rcm,rssm,rdb,eps,epsssm,epsdb= 5.700330138206482 8.700330138206482 7.200330138206482 1 0.2 0.1
rcm,rssm,rdb,eps,epsssm,epsdb= 5.9488290548324585 8.948829054832458 7.4488290548324585 1 0.2 0.1
rcm,rssm,rdb,eps,epsssm,epsdb= 9.631825685501099 12.631825685501099 11.131825685501099 1 0.2 0.1
rcm,rssm,rdb,eps,epsssm,epsdb= 8.51500391960144 11.51500391960144 10.01500391960144 1 0.2 0.1
rcm,rssm,rdb,eps,epsssm,epsdb= 6.141960024833679 9.14196002483368 7.641960024833679 1 0.2 0.1
rcm,rssm,rdb,eps,epsssm,epsdb= 6.137096285820007 9.137096285820007 7.637096285820007 1 0.2 0.1
rcm,rssm,rdb,eps,epsssm,epsdb= 6.17339015007019 9.17339015007019 7.67339015007019 1 0.2 0.1
rcm,rssm,rdb,eps,epsssm,epsdb= 6.337962746620178 9.337962746620178 7.837962746620178 1 0.2 0.1
rcm,rssm,rdb,eps,epsssm,epsdb= 6.293554902076721 9.293554902076721 7.793554902076721 1 0.2 0.1
rcm,rssm,rdb,eps,epsssm,epsdb= 10.727416276931763 13.727416276931763 12.227416276931763 1 0.2 0.1
rcm,rssm,rdb,eps,epsssm,epsdb= 9.530571699142456 12.530571699142456 11.030571699142456 1 0.2 0.1
rcm,rssm,rdb,eps,epsssm,epsdb= 6.257694959640503 9.257694959640503 7.757694959640503 1 0.2 0.1
rcm,rssm,rdb,eps,epsssm,epsdb= 6.395291090011597 9.395291090011597 7.895291090011597 1 0.2 0.1
rcm,rssm,rdb,eps,epsssm,epsdb= 11.223256587982178 14.223256587982178 12.723256587982178 1 0.2 0.1
rcm,rssm,rdb,eps,epsssm,epsdb= 6.212449073791504 9.212449073791504 7.712449073791504 1 0.2 0.1
rcm,rssm,rdb,eps,epsssm,epsdb= 8.262563943862915 11.262563943862915 9.762563943862915 1 0.2 0.1
rcm,rssm,rdb,eps,epsssm,epsdb= 7.761501669883728 10.761501669883728 9.261501669883728 1 0.2 0.1
rcm,rssm,rdb,eps,epsssm,epsdb= 6.252749562263489 9.252749562263489 7.752749562263489 1 0.2 0.1
rcm,rssm,rdb,eps,epsssm,epsdb= 10.060608386993408 13.060608386993408 11.560608386993408 1 0.2 0.1
rcm,rssm,rdb,eps,epsssm,epsdb= 8.957675695419312 11.957675695419312 10.457675695419312 1 0.2 0.1
rcm,rssm,rdb,eps,epsssm,epsdb= 11.097251176834106 14.097251176834106 12.597251176834106 1 0.2 0.1
rcm,rssm,rdb,eps,epsssm,epsdb= 6.315069794654846 9.315069794654846 7.815069794654846 1 0.2 0.1
rcm,rssm,rdb,eps,epsssm,epsdb= 6.082976460456848 9.082976460456848 7.582976460456848 1 0.2 0.1
rcm,rssm,rdb,eps,epsssm,epsdb= 8.999218344688416 11.999218344688416 10.499218344688416 1 0.2 0.1
rcm,rssm,rdb,eps,epsssm,epsdb= 6.090369820594788 9.090369820594788 7.590369820594788 1 0.2 0.1
rcm,rssm,rdb,eps,epsssm,epsdb= 10.312011241912842 13.312011241912842 11.812011241912842 1 0.2 0.1
rcm,rssm,rdb,eps,epsssm,epsdb= 10.220911502838135 13.220911502838135 11.720911502838135 1 0.2 0.1
rcm,rssm,rdb,eps,epsssm,epsdb= 6.786975860595703 9.786975860595703 8.286975860595703 1 0.2 0.1
rcm,rssm,rdb,eps,epsssm,epsdb= 6.211399435997009 9.21139943599701 7.711399435997009 1 0.2 0.1
rcm,rssm,rdb,eps,epsssm,epsdb= 5.890355110168457 8.890355110168457 7.390355110168457 1 0.2 0.1
rcm,rssm,rdb,eps,epsssm,epsdb= 6.273095607757568 9.273095607757568 7.773095607757568 1 0.2 0.1
rcm,rssm,rdb,eps,epsssm,epsdb= 7.015636563301086 10.015636563301086 8.515636563301086 1 0.2 0.1
rcm,rssm,rdb,eps,epsssm,epsdb= 7.3447102308273315 10.344710230827332 8.844710230827332 1 0.2 0.1
rcm,rssm,rdb,eps,epsssm,epsdb= 7.275964617729187 10.275964617729187 8.775964617729187 1 0.2 0.1
rcm,rssm,rdb,eps,epsssm,epsdb= 6.694842576980591 9.69484257698059 8.19484257698059 1 0.2 0.1
rcm,rssm,rdb,eps,epsssm,epsdb= 5.2200329303741455 8.220032930374146 6.7200329303741455 1 0.2 0.1
rcm,rssm,rdb,eps,epsssm,epsdb= 7.553507685661316 10.553507685661316 9.053507685661316 1 0.2 0.1
rcm,rssm,rdb,eps,epsssm,epsdb= 9.930264353752136 12.930264353752136 11.430264353752136 1 0.2 0.1
rcm,rssm,rdb,eps,epsssm,epsdb= 8.588701486587524 11.588701486587524 10.088701486587524 1 0.2 0.1
rcm,rssm,rdb,eps,epsssm,epsdb= 7.232456207275391 10.23245620727539 8.73245620727539 1 0.2 0.1
rcm,rssm,rdb,eps,epsssm,epsdb= 5.139933824539185 8.139933824539185 6.639933824539185 1 0.2 0.1
rcm,rssm,rdb,eps,epsssm,epsdb= 9.96467113494873 12.96467113494873 11.46467113494873 1 0.2 0.1
rcm,rssm,rdb,eps,epsssm,epsdb= 7.685096859931946 10.685096859931946 9.185096859931946 1 0.2 0.1
rcm,rssm,rdb,eps,epsssm,epsdb= 8.185142278671265 11.185142278671265 9.685142278671265 1 0.2 0.1
rcm,rssm,rdb,eps,epsssm,epsdb= 6.25990092754364 9.25990092754364 7.75990092754364 1 0.2 0.1
rcm,rssm,rdb,eps,epsssm,epsdb= 8.053319454193115 11.053319454193115 9.553319454193115 1 0.2 0.1
rcm,rssm,rdb,eps,epsssm,epsdb= 6.355566382408142 9.355566382408142 7.855566382408142 1 0.2 0.1
rcm,rssm,rdb,eps,epsssm,epsdb= 9.672760963439941 12.672760963439941 11.172760963439941 1 0.2 0.1
rcm,rssm,rdb,eps,epsssm,epsdb= 8.380877375602722 11.380877375602722 9.880877375602722 1 0.2 0.1
rcm,rssm,rdb,eps,epsssm,epsdb= 5.600437521934509 8.60043752193451 7.100437521934509 1 0.2 0.1
rcm,rssm,rdb,eps,epsssm,epsdb= 6.605587005615234 9.605587005615234 8.105587005615234 1 0.2 0.1
rcm,rssm,rdb,eps,epsssm,epsdb= 6.05731725692749 9.05731725692749 7.55731725692749 1 0.2 0.1
rcm,rssm,rdb,eps,epsssm,epsdb= 5.6299978494644165 8.629997849464417 7.1299978494644165 1 0.2 0.1
rcm,rssm,rdb,eps,epsssm,epsdb= 4.330299496650696 7.330299496650696 5.830299496650696 1 0.2 0.1
rcm,rssm,rdb,eps,epsssm,epsdb= 8.715302348136902 11.715302348136902 10.215302348136902 1 0.2 0.1
rcm,rssm,rdb,eps,epsssm,epsdb= 5.519735813140869 8.51973581314087 7.019735813140869 1 0.2 0.1
rcm,rssm,rdb,eps,epsssm,epsdb= 5.155425071716309 8.155425071716309 6.655425071716309 1 0.2 0.1
rcm,rssm,rdb,eps,epsssm,epsdb= 7.067220211029053 10.067220211029053 8.567220211029053 1 0.2 0.1
rcm,rssm,rdb,eps,epsssm,epsdb= 6.282137036323547 9.282137036323547 7.782137036323547 1 0.2 0.1
rcm,rssm,rdb,eps,epsssm,epsdb= 4.554601311683655 7.554601311683655 6.054601311683655 1 0.2 0.1
rcm,rssm,rdb,eps,epsssm,epsdb= 5.509052276611328 8.509052276611328 7.009052276611328 1 0.2 0.1
rcm,rssm,rdb,eps,epsssm,epsdb= 5.437780022621155 8.437780022621155 6.937780022621155 1 0.2 0.1
rcm,rssm,rdb,eps,epsssm,epsdb= 7.387648224830627 10.387648224830627 8.887648224830627 1 0.2 0.1
rcm,rssm,rdb,eps,epsssm,epsdb= 8.133030533790588 11.133030533790588 9.633030533790588 1 0.2 0.1
rcm,rssm,rdb,eps,epsssm,epsdb= 5.547220706939697 8.547220706939697 7.047220706939697 1 0.2 0.1
rcm,rssm,rdb,eps,epsssm,epsdb= 4.938328862190247 7.938328862190247 6.438328862190247 1 0.2 0.1
rcm,rssm,rdb,eps,epsssm,epsdb= 7.741727232933044 10.741727232933044 9.241727232933044 1 0.2 0.1
rcm,rssm,rdb,eps,epsssm,epsdb= 5.773758292198181 8.773758292198181 7.273758292198181 1 0.2 0.1
rcm,rssm,rdb,eps,epsssm,epsdb= 4.428820908069611 7.428820908069611 5.928820908069611 1 0.2 0.1
rcm,rssm,rdb,eps,epsssm,epsdb= 8.574228882789612 11.574228882789612 10.074228882789612 1 0.2 0.1
rcm,rssm,rdb,eps,epsssm,epsdb= 5.867156386375427 8.867156386375427 7.367156386375427 1 0.2 0.1
rcm,rssm,rdb,eps,epsssm,epsdb= 5.124614834785461 8.124614834785461 6.624614834785461 1 0.2 0.1
rcm,rssm,rdb,eps,epsssm,epsdb= 8.395911455154419 11.395911455154419 9.895911455154419 1 0.2 0.1
rcm,rssm,rdb,eps,epsssm,epsdb= 6.414121985435486 9.414121985435486 7.914121985435486 1 0.2 0.1
rcm,rssm,rdb,eps,epsssm,epsdb= 4.742317199707031 7.742317199707031 6.242317199707031 1 0.2 0.1
rcm,rssm,rdb,eps,epsssm,epsdb= 5.1027995347976685 8.102799534797668 6.6027995347976685 1 0.2 0.1
rcm,rssm,rdb,eps,epsssm,epsdb= 5.638483166694641 8.638483166694641 7.138483166694641 1 0.2 0.1
rcm,rssm,rdb,eps,epsssm,epsdb= 7.248068451881409 10.248068451881409 8.748068451881409 1 0.2 0.1
rcm,rssm,rdb,eps,epsssm,epsdb= 7.857667803764343 10.857667803764343 9.357667803764343 1 0.2 0.1
rcm,rssm,rdb,eps,epsssm,epsdb= 4.97483104467392 7.97483104467392 6.47483104467392 1 0.2 0.1
rcm,rssm,rdb,eps,epsssm,epsdb= 5.214858055114746 8.214858055114746 6.714858055114746 1 0.2 0.1
rcm,rssm,rdb,eps,epsssm,epsdb= 5.466446876525879 8.466446876525879 6.966446876525879 1 0.2 0.1
rcm,rssm,rdb,eps,epsssm,epsdb= 4.465896487236023 7.465896487236023 5.965896487236023 1 0.2 0.1
rcm,rssm,rdb,eps,epsssm,epsdb= 8.692401051521301 11.692401051521301 10.192401051521301 1 0.2 0.1
rcm,rssm,rdb,eps,epsssm,epsdb= 5.596992373466492 8.596992373466492 7.096992373466492 1 0.2 0.1
rcm,rssm,rdb,eps,epsssm,epsdb= 5.82344651222229 8.82344651222229 7.32344651222229 1 0.2 0.1
rcm,rssm,rdb,eps,epsssm,epsdb= 7.166241407394409 10.16624140739441 8.66624140739441 1 0.2 0.1
rcm,rssm,rdb,eps,epsssm,epsdb= 5.8454883098602295 8.84548830986023 7.3454883098602295 1 0.2 0.1
rcm,rssm,rdb,eps,epsssm,epsdb= 4.308210015296936 7.308210015296936 5.808210015296936 1 0.2 0.1
rcm,rssm,rdb,eps,epsssm,epsdb= 7.972592711448669 10.97259271144867 9.47259271144867 1 0.2 0.1
rcm,rssm,rdb,eps,epsssm,epsdb= 8.44299852848053 11.44299852848053 9.94299852848053 1 0.2 0.1
rcm,rssm,rdb,eps,epsssm,epsdb= 5.521360635757446 8.521360635757446 7.021360635757446 1 0.2 0.1
rcm,rssm,rdb,eps,epsssm,epsdb= 5.243784189224243 8.243784189224243 6.743784189224243 1 0.2 0.1
rcm,rssm,rdb,eps,epsssm,epsdb= 6.591323614120483 9.591323614120483 8.091323614120483 1 0.2 0.1
rcm,rssm,rdb,eps,epsssm,epsdb= 10.012059211730957 13.012059211730957 11.512059211730957 1 0.2 0.1
rcm,rssm,rdb,eps,epsssm,epsdb= 10.255177021026611 13.255177021026611 11.755177021026611 1 0.2 0.1
rcm,rssm,rdb,eps,epsssm,epsdb= 11.435647010803223 14.435647010803223 12.935647010803223 1 0.2 0.1
rcm,rssm,rdb,eps,epsssm,epsdb= 5.070372223854065 8.070372223854065 6.570372223854065 1 0.2 0.1
rcm,rssm,rdb,eps,epsssm,epsdb= 4.181325137615204 7.181325137615204 5.681325137615204 1 0.2 0.1
rcm,rssm,rdb,eps,epsssm,epsdb= 6.671966910362244 9.671966910362244 8.171966910362244 1 0.2 0.1
rcm,rssm,rdb,eps,epsssm,epsdb= 8.382974863052368 11.382974863052368 9.882974863052368 1 0.2 0.1
rcm,rssm,rdb,eps,epsssm,epsdb= 7.761525511741638 10.761525511741638 9.261525511741638 1 0.2 0.1
rcm,rssm,rdb,eps,epsssm,epsdb= 9.46895182132721 12.46895182132721 10.96895182132721 1 0.2 0.1
rcm,rssm,rdb,eps,epsssm,epsdb= 9.455323815345764 12.455323815345764 10.955323815345764 1 0.2 0.1
rcm,rssm,rdb,eps,epsssm,epsdb= 12.224510908126831 15.224510908126831 13.724510908126831 1 0.2 0.1
rcm,rssm,rdb,eps,epsssm,epsdb= 7.651238441467285 10.651238441467285 9.151238441467285 1 0.2 0.1
rcm,rssm,rdb,eps,epsssm,epsdb= 7.665225863456726 10.665225863456726 9.165225863456726 1 0.2 0.1
rcm,rssm,rdb,eps,epsssm,epsdb= 7.890552282333374 10.890552282333374 9.390552282333374 1 0.2 0.1
rcm,rssm,rdb,eps,epsssm,epsdb= 7.541627883911133 10.541627883911133 9.041627883911133 1 0.2 0.1
rcm,rssm,rdb,eps,epsssm,epsdb= 7.503323554992676 10.503323554992676 9.003323554992676 1 0.2 0.1
rcm,rssm,rdb,eps,epsssm,epsdb= 10.158874988555908 13.158874988555908 11.658874988555908 1 0.2 0.1
rcm,rssm,rdb,eps,epsssm,epsdb= 6.97335958480835 9.97335958480835 8.47335958480835 1 0.2 0.1
rcm,rssm,rdb,eps,epsssm,epsdb= 8.226758241653442 11.226758241653442 9.726758241653442 1 0.2 0.1
rcm,rssm,rdb,eps,epsssm,epsdb= 6.219437122344971 9.21943712234497 7.719437122344971 1 0.2 0.1
rcm,rssm,rdb,eps,epsssm,epsdb= 6.229498982429504 9.229498982429504 7.729498982429504 1 0.2 0.1
rcm,rssm,rdb,eps,epsssm,epsdb= 7.983106970787048 10.983106970787048 9.483106970787048 1 0.2 0.1
rcm,rssm,rdb,eps,epsssm,epsdb= 6.275954246520996 9.275954246520996 7.775954246520996 1 0.2 0.1
rcm,rssm,rdb,eps,epsssm,epsdb= 6.225443482398987 9.225443482398987 7.725443482398987 1 0.2 0.1
rcm,rssm,rdb,eps,epsssm,epsdb= 6.238148212432861 9.238148212432861 7.738148212432861 1 0.2 0.1
rcm,rssm,rdb,eps,epsssm,epsdb= 6.2405359745025635 9.240535974502563 7.7405359745025635 1 0.2 0.1
rcm,rssm,rdb,eps,epsssm,epsdb= 6.480410695075989 9.480410695075989 7.980410695075989 1 0.2 0.1
rcm,rssm,rdb,eps,epsssm,epsdb= 7.469106316566467 10.469106316566467 8.969106316566467 1 0.2 0.1
rcm,rssm,rdb,eps,epsssm,epsdb= 6.8703508377075195 9.87035083770752 8.37035083770752 1 0.2 0.1
rcm,rssm,rdb,eps,epsssm,epsdb= 7.829232215881348 10.829232215881348 9.329232215881348 1 0.2 0.1
rcm,rssm,rdb,eps,epsssm,epsdb= 7.054872512817383 10.054872512817383 8.554872512817383 1 0.2 0.1
rcm,rssm,rdb,eps,epsssm,epsdb= 7.2589170932769775 10.258917093276978 8.758917093276978 1 0.2 0.1
rcm,rssm,rdb,eps,epsssm,epsdb= 5.971057415008545 8.971057415008545 7.471057415008545 1 0.2 0.1
rcm,rssm,rdb,eps,epsssm,epsdb= 6.69244110584259 9.69244110584259 8.19244110584259 1 0.2 0.1
>> writing GROMACS angle section gromacs.top 1 native_ca.pdb 40
>>writing angles_section native_ca.pdb 40.0
>> writing GROMACS dihedrals section gromacs.top 1 native_ca.pdb 1
>>writing dihedrals section native_ca.pdb 1.0
>> writing GROMACS pairs sections gromacs.top 1 native_ca.pdb 1ris.pdb 2 4.5 False False
>> writing GROMACS tail section gromacs.top
>> in get_side_chain_COM: 1ris.pdb False
<Chain id=A>
Excluding glycine, res =  34
Excluding glycine, res =  44
Excluding glycine, res =  58
>> in get_back_bone_COM 1ris.pdb
>>in write_CB_to_native: 1ris.pdb False
See file: native_cb.pdb with  191 atoms
CB= 94 CA= 97
>> write_gro_gro gromacs.gro 1ris.pdb 1 False
>> in write_atoms_section1	 1 1ris.pdb False
See file: gromacs.top for GROMACS topology.
('>>in make_dir:', 'PATH')
('>>in make_dir:', 'MD')
