Log file opened on Mon Mar  4 13:35:19 2019
Host: sridhars-MacBook-Pro.local  pid: 27962  rank ID: 0  number of ranks:  1
GROMACS:    gmx mdrun, VERSION 5.0.7

GROMACS is written by:
Emile Apol         Rossen Apostolov   Herman J.C. Berendsen Par Bjelkmar       
Aldert van Buuren  Rudi van Drunen    Anton Feenstra     Sebastian Fritsch  
Gerrit Groenhof    Christoph Junghans Peter Kasson       Carsten Kutzner    
Per Larsson        Justin A. Lemkul   Magnus Lundborg    Pieter Meulenhoff  
Erik Marklund      Teemu Murtola      Szilard Pall       Sander Pronk       
Roland Schulz      Alexey Shvetsov    Michael Shirts     Alfons Sijbers     
Peter Tieleman     Christian Wennberg Maarten Wolf       
and the project leaders:
Mark Abraham, Berk Hess, Erik Lindahl, and David van der Spoel

Copyright (c) 1991-2000, University of Groningen, The Netherlands.
Copyright (c) 2001-2014, The GROMACS development team at
Uppsala University, Stockholm University and
the Royal Institute of Technology, Sweden.
check out http://www.gromacs.org for more information.

GROMACS is free software; you can redistribute it and/or modify it
under the terms of the GNU Lesser General Public License
as published by the Free Software Foundation; either version 2.1
of the License, or (at your option) any later version.

GROMACS:      gmx mdrun, VERSION 5.0.7
Executable:   /usr/local/gromacs/bin/gmx
Library dir:  /usr/local/gromacs/share/gromacs/top
Command line:
  mdrun -x traj.xtc -e ener.edr -o traj.trr -s run.tpr -g md.log -table table_file.xvg -tablep table_file.xvg

Gromacs version:    VERSION 5.0.7
Precision:          single
Memory model:       64 bit
MPI library:        thread_mpi
OpenMP support:     disabled
GPU support:        disabled
invsqrt routine:    gmx_software_invsqrt(x)
SIMD instructions:  AVX2_256
FFT library:        fftw-3.3.3-sse2
RDTSCP usage:       enabled
C++11 compilation:  enabled
TNG support:        enabled
Tracing support:    disabled
Built on:           Wed Jun 13 17:43:23 BST 2018
Built by:           sridharn@sridhars-MacBook-Pro.local [CMAKE]
Build OS/arch:      Darwin 17.5.0 x86_64
Build CPU vendor:   GenuineIntel
Build CPU brand:    Intel(R) Core(TM) i7-7820HQ CPU @ 2.90GHz
Build CPU family:   6   Model: 158   Stepping: 9
Build CPU features: aes apic avx avx2 clfsh cmov cx8 cx16 f16c fma htt lahf_lm mmx msr nonstop_tsc pcid pclmuldq pdcm pdpe1gb popcnt pse rdrnd rdtscp sse2 sse3 sse4.1 sse4.2 ssse3 tdt x2apic
C compiler:         /Library/Developer/CommandLineTools/usr/bin/cc Clang 9.1.0.9020039
C compiler flags:    -march=core-avx2    -Wall -Wno-unused -Wunused-value -Wunused-parameter -Wno-unknown-pragmas  -O3 -DNDEBUG  
C++ compiler:       /Library/Developer/CommandLineTools/usr/bin/c++ Clang 9.1.0.9020039
C++ compiler flags:  -march=core-avx2   -std=c++0x  -Wextra -Wno-missing-field-initializers -Wpointer-arith -Wall -Wno-unused-function -Wno-unknown-pragmas  -O3 -DNDEBUG  
Boost version:      1.55.0 (internal)



++++ PLEASE READ AND CITE THE FOLLOWING REFERENCE ++++
M. J. Abraham, T. Murtola, R. Schulz, S. Páll, J. C. Smith, B. Hess, E.
Lindahl
GROMACS: High performance molecular simulations through multi-level
parallelism from laptops to supercomputers
SoftwareX 1 (2015) pp. 19-25
-------- -------- --- Thank You --- -------- --------


++++ PLEASE READ AND CITE THE FOLLOWING REFERENCE ++++
S. Páll, M. J. Abraham, C. Kutzner, B. Hess, E. Lindahl
Tackling Exascale Software Challenges in Molecular Dynamics Simulations with
GROMACS
In S. Markidis & E. Laure (Eds.), Solving Software Challenges for Exascale 8759 (2015) pp. 3-27
-------- -------- --- Thank You --- -------- --------


++++ PLEASE READ AND CITE THE FOLLOWING REFERENCE ++++
S. Pronk, S. Páll, R. Schulz, P. Larsson, P. Bjelkmar, R. Apostolov, M. R.
Shirts, J. C. Smith, P. M. Kasson, D. van der Spoel, B. Hess, and E. Lindahl
GROMACS 4.5: a high-throughput and highly parallel open source molecular
simulation toolkit
Bioinformatics 29 (2013) pp. 845-54
-------- -------- --- Thank You --- -------- --------


++++ PLEASE READ AND CITE THE FOLLOWING REFERENCE ++++
B. Hess and C. Kutzner and D. van der Spoel and E. Lindahl
GROMACS 4: Algorithms for highly efficient, load-balanced, and scalable
molecular simulation
J. Chem. Theory Comput. 4 (2008) pp. 435-447
-------- -------- --- Thank You --- -------- --------


++++ PLEASE READ AND CITE THE FOLLOWING REFERENCE ++++
D. van der Spoel, E. Lindahl, B. Hess, G. Groenhof, A. E. Mark and H. J. C.
Berendsen
GROMACS: Fast, Flexible and Free
J. Comp. Chem. 26 (2005) pp. 1701-1719
-------- -------- --- Thank You --- -------- --------


++++ PLEASE READ AND CITE THE FOLLOWING REFERENCE ++++
E. Lindahl and B. Hess and D. van der Spoel
GROMACS 3.0: A package for molecular simulation and trajectory analysis
J. Mol. Mod. 7 (2001) pp. 306-317
-------- -------- --- Thank You --- -------- --------


++++ PLEASE READ AND CITE THE FOLLOWING REFERENCE ++++
H. J. C. Berendsen, D. van der Spoel and R. van Drunen
GROMACS: A message-passing parallel molecular dynamics implementation
Comp. Phys. Comm. 91 (1995) pp. 43-56
-------- -------- --- Thank You --- -------- --------

Input Parameters:
   integrator                     = sd
   tinit                          = 0
   dt                             = 0.0001
   nsteps                         = 300
   init-step                      = 0
   simulation-part                = 1
   comm-mode                      = Angular
   nstcomm                        = 100
   bd-fric                        = 0
   ld-seed                        = 130
   emtol                          = 10
   emstep                         = 0.01
   niter                          = 20
   fcstep                         = 0
   nstcgsteep                     = 1000
   nbfgscorr                      = 10
   rtpi                           = 0.05
   nstxout                        = 20
   nstvout                        = 20
   nstfout                        = 0
   nstlog                         = 20
   nstcalcenergy                  = 20
   nstenergy                      = 20
   nstxout-compressed             = 20
   compressed-x-precision         = 1000
   cutoff-scheme                  = Group
   nstlist                        = 20
   ns-type                        = Grid
   pbc                            = xyz
   periodic-molecules             = FALSE
   verlet-buffer-tolerance        = 0.005
   rlist                          = 3
   rlistlong                      = 3
   nstcalclr                      = 0
   coulombtype                    = User
   coulomb-modifier               = None
   rcoulomb-switch                = 0
   rcoulomb                       = 3
   epsilon-r                      = 1
   epsilon-rf                     = inf
   vdw-type                       = User
   vdw-modifier                   = None
   rvdw-switch                    = 0
   rvdw                           = 3
   DispCorr                       = No
   table-extension                = 38
   fourierspacing                 = 0.12
   fourier-nx                     = 0
   fourier-ny                     = 0
   fourier-nz                     = 0
   pme-order                      = 4
   ewald-rtol                     = 1e-05
   ewald-rtol-lj                  = 0.001
   lj-pme-comb-rule               = Geometric
   ewald-geometry                 = 0
   epsilon-surface                = 0
   implicit-solvent               = No
   gb-algorithm                   = Still
   nstgbradii                     = 1
   rgbradii                       = 1
   gb-epsilon-solvent             = 80
   gb-saltconc                    = 0
   gb-obc-alpha                   = 1
   gb-obc-beta                    = 0.8
   gb-obc-gamma                   = 4.85
   gb-dielectric-offset           = 0.009
   sa-algorithm                   = Ace-approximation
   sa-surface-tension             = 2.05016
   tcoupl                         = No
   nsttcouple                     = -1
   nh-chain-length                = 0
   print-nose-hoover-chain-variables = FALSE
   pcoupl                         = No
   pcoupltype                     = Isotropic
   nstpcouple                     = -1
   tau-p                          = 1
   compressibility (3x3):
      compressibility[    0]={ 0.00000e+00,  0.00000e+00,  0.00000e+00}
      compressibility[    1]={ 0.00000e+00,  0.00000e+00,  0.00000e+00}
      compressibility[    2]={ 0.00000e+00,  0.00000e+00,  0.00000e+00}
   ref-p (3x3):
      ref-p[    0]={ 0.00000e+00,  0.00000e+00,  0.00000e+00}
      ref-p[    1]={ 0.00000e+00,  0.00000e+00,  0.00000e+00}
      ref-p[    2]={ 0.00000e+00,  0.00000e+00,  0.00000e+00}
   refcoord-scaling               = No
   posres-com (3):
      posres-com[0]= 0.00000e+00
      posres-com[1]= 0.00000e+00
      posres-com[2]= 0.00000e+00
   posres-comB (3):
      posres-comB[0]= 0.00000e+00
      posres-comB[1]= 0.00000e+00
      posres-comB[2]= 0.00000e+00
   QMMM                           = FALSE
   QMconstraints                  = 0
   QMMMscheme                     = 0
   MMChargeScaleFactor            = 1
qm-opts:
   ngQM                           = 0
   constraint-algorithm           = Lincs
   continuation                   = FALSE
   Shake-SOR                      = FALSE
   shake-tol                      = 0.0001
   lincs-order                    = 4
   lincs-iter                     = 1
   lincs-warnangle                = 30
   nwall                          = 0
   wall-type                      = 9-3
   wall-r-linpot                  = -1
   wall-atomtype[0]               = -1
   wall-atomtype[1]               = -1
   wall-density[0]                = 0
   wall-density[1]                = 0
   wall-ewald-zfac                = 3
   pull                           = no
   rotation                       = FALSE
   interactiveMD                  = FALSE
   disre                          = No
   disre-weighting                = Conservative
   disre-mixed                    = FALSE
   dr-fc                          = 1000
   dr-tau                         = 0
   nstdisreout                    = 100
   orire-fc                       = 0
   orire-tau                      = 0
   nstorireout                    = 100
   free-energy                    = no
   cos-acceleration               = 0
   deform (3x3):
      deform[    0]={ 0.00000e+00,  0.00000e+00,  0.00000e+00}
      deform[    1]={ 0.00000e+00,  0.00000e+00,  0.00000e+00}
      deform[    2]={ 0.00000e+00,  0.00000e+00,  0.00000e+00}
   simulated-tempering            = FALSE
   E-x:
      n = 0
   E-xt:
      n = 0
   E-y:
      n = 0
   E-yt:
      n = 0
   E-z:
      n = 0
   E-zt:
      n = 0
   swapcoords                     = no
   adress                         = FALSE
   userint1                       = 0
   userint2                       = 0
   userint3                       = 0
   userint4                       = 0
   userreal1                      = 0
   userreal2                      = 0
   userreal3                      = 0
   userreal4                      = 0
grpopts:
   nrdf:         261
   ref-t:         100
   tau-t:           1
annealing:          No
annealing-npoints:           0
   acc:	           0           0           0
   nfreeze:           N           N           N
   energygrp-flags[  0]: 0
Using 1 MPI thread

Detecting CPU SIMD instructions.
Present hardware specification:
Vendor: GenuineIntel
Brand:  Intel(R) Core(TM) i7-7820HQ CPU @ 2.90GHz
Family:  6  Model: 158  Stepping:  9
Features: aes apic avx avx2 clfsh cmov cx8 cx16 f16c fma htt lahf_lm mmx msr nonstop_tsc pcid pclmuldq pdcm pdpe1gb popcnt pse rdrnd rdtscp sse2 sse3 sse4.1 sse4.2 ssse3 tdt x2apic
SIMD instructions most likely to fit this hardware: AVX2_256
SIMD instructions selected at GROMACS compile time: AVX2_256


NOTE: This file uses the deprecated 'group' cutoff_scheme. This will be
removed in a future release when 'verlet' supports all interaction forms.

Table routines are used for coulomb: TRUE
Table routines are used for vdw:     TRUE
Cut-off's:   NS: 3   Coulomb: 3   LJ: 3
System total charge: 0.000
Read user tables from table_file.xvg with 13000 data points.
Tabscale = 200 points/nm
Read user tables from table_file.xvg with 13000 data points.
Tabscale = 200 points/nm
Potential shift: LJ r^-12: 0.000e+00 r^-6: 0.000e+00
Removing pbc first time
Center of mass motion removal mode is Angular
We have the following groups for center of mass motion removal:
  0:  rest

++++ PLEASE READ AND CITE THE FOLLOWING REFERENCE ++++
N. Goga and A. J. Rzepiela and A. H. de Vries and S. J. Marrink and H. J. C.
Berendsen
Efficient Algorithms for Langevin and DPD Dynamics
J. Chem. Theory Comput. 8 (2012) pp. 3637--3649
-------- -------- --- Thank You --- -------- --------

There are: 89 Atoms
Max number of connections per atom is 33
Total number of connections is 2098
Max number of graph edges per atom is 2
Total number of graph edges is 176
Initial temperature: 101.706 K

Started mdrun on rank 0 Mon Mar  4 13:35:19 2019
           Step           Time         Lambda
              0        0.00000        0.00000


Grid: 17 x 17 x 17 cells
   Energies (kJ/mol)
           Bond          Angle    Proper Dih.          LJ-14     Coulomb-14
    1.10523e-01    5.78698e-03    1.31515e-03   -2.70994e+02    0.00000e+00
        LJ (SR)   Coulomb (SR)      Potential    Kinetic En.   Total Energy
    4.36278e-02    0.00000e+00   -2.70833e+02    1.10294e+02   -1.60539e+02
    Temperature Pressure (bar)
    1.01649e+02    1.02707e-02

           Step           Time         Lambda
             20        0.00200        0.00000

   Energies (kJ/mol)
           Bond          Angle    Proper Dih.          LJ-14     Coulomb-14
    4.63026e+00    2.21572e-01    3.11590e-02   -2.70745e+02    0.00000e+00
        LJ (SR)   Coulomb (SR)      Potential    Kinetic En.   Total Energy
    4.39807e-02    0.00000e+00   -2.65818e+02    1.03288e+02   -1.62531e+02
    Temperature Pressure (bar)
    9.51921e+01    1.35912e-02

           Step           Time         Lambda
             40        0.00400        0.00000

   Energies (kJ/mol)
           Bond          Angle    Proper Dih.          LJ-14     Coulomb-14
    1.52444e+01    8.43172e-01    1.15363e-01   -2.70036e+02    0.00000e+00
        LJ (SR)   Coulomb (SR)      Potential    Kinetic En.   Total Energy
    4.44068e-02    0.00000e+00   -2.53788e+02    9.26833e+01   -1.61105e+02
    Temperature Pressure (bar)
    8.54190e+01    1.47399e-02

           Step           Time         Lambda
             60        0.00600        0.00000

   Energies (kJ/mol)
           Bond          Angle    Proper Dih.          LJ-14     Coulomb-14
    2.46549e+01    1.78241e+00    2.49504e-01   -2.68921e+02    0.00000e+00
        LJ (SR)   Coulomb (SR)      Potential    Kinetic En.   Total Energy
    4.48799e-02    0.00000e+00   -2.42189e+02    8.09035e+01   -1.61285e+02
    Temperature Pressure (bar)
    7.45624e+01    1.45964e-02

           Step           Time         Lambda
             80        0.00800        0.00000

   Energies (kJ/mol)
           Bond          Angle    Proper Dih.          LJ-14     Coulomb-14
    2.69907e+01    2.92511e+00    4.23344e-01   -2.67466e+02    0.00000e+00
        LJ (SR)   Coulomb (SR)      Potential    Kinetic En.   Total Energy
    4.53821e-02    0.00000e+00   -2.37081e+02    7.61123e+01   -1.60969e+02
    Temperature Pressure (bar)
    7.01467e+01    1.43988e-02

           Step           Time         Lambda
            100        0.01000        0.00000

   Energies (kJ/mol)
           Bond          Angle    Proper Dih.          LJ-14     Coulomb-14
    2.16378e+01    4.15559e+00    6.27436e-01   -2.65725e+02    0.00000e+00
        LJ (SR)   Coulomb (SR)      Potential    Kinetic En.   Total Energy
    4.59251e-02    0.00000e+00   -2.39258e+02    7.80206e+01   -1.61237e+02
    Temperature Pressure (bar)
    7.19055e+01    1.37698e-02

           Step           Time         Lambda
            120        0.01200        0.00000

   Energies (kJ/mol)
           Bond          Angle    Proper Dih.          LJ-14     Coulomb-14
    1.33716e+01    5.41643e+00    8.56247e-01   -2.63684e+02    0.00000e+00
        LJ (SR)   Coulomb (SR)      Potential    Kinetic En.   Total Energy
    4.65098e-02    0.00000e+00   -2.43993e+02    8.22332e+01   -1.61760e+02
    Temperature Pressure (bar)
    7.57879e+01    1.25914e-02

           Step           Time         Lambda
            140        0.01400        0.00000

   Energies (kJ/mol)
           Bond          Angle    Proper Dih.          LJ-14     Coulomb-14
    8.06806e+00    6.70705e+00    1.10654e+00   -2.61345e+02    0.00000e+00
        LJ (SR)   Coulomb (SR)      Potential    Kinetic En.   Total Energy
    4.71533e-02    0.00000e+00   -2.45416e+02    8.24241e+01   -1.62992e+02
    Temperature Pressure (bar)
    7.59639e+01    1.09024e-02

           Step           Time         Lambda
            160        0.01600        0.00000

   Energies (kJ/mol)
           Bond          Angle    Proper Dih.          LJ-14     Coulomb-14
    8.64453e+00    8.00367e+00    1.37118e+00   -2.58735e+02    0.00000e+00
        LJ (SR)   Coulomb (SR)      Potential    Kinetic En.   Total Energy
    4.78402e-02    0.00000e+00   -2.40668e+02    7.93517e+01   -1.61316e+02
    Temperature Pressure (bar)
    7.31322e+01    9.16468e-03

           Step           Time         Lambda
            180        0.01800        0.00000

   Energies (kJ/mol)
           Bond          Angle    Proper Dih.          LJ-14     Coulomb-14
    1.30842e+01    9.33963e+00    1.64029e+00   -2.55979e+02    0.00000e+00
        LJ (SR)   Coulomb (SR)      Potential    Kinetic En.   Total Energy
    4.84681e-02    0.00000e+00   -2.31866e+02    7.11960e+01   -1.60670e+02
    Temperature Pressure (bar)
    6.56158e+01    6.61061e-03

           Step           Time         Lambda
            200        0.02000        0.00000

   Energies (kJ/mol)
           Bond          Angle    Proper Dih.          LJ-14     Coulomb-14
    1.68194e+01    1.07156e+01    1.91502e+00   -2.53307e+02    0.00000e+00
        LJ (SR)   Coulomb (SR)      Potential    Kinetic En.   Total Energy
    4.90620e-02    0.00000e+00   -2.23808e+02    6.29774e+01   -1.60830e+02
    Temperature Pressure (bar)
    5.80413e+01    4.65934e-03

           Step           Time         Lambda
            220        0.02200        0.00000

   Energies (kJ/mol)
           Bond          Angle    Proper Dih.          LJ-14     Coulomb-14
    1.70240e+01    1.21056e+01    2.18481e+00   -2.50960e+02    0.00000e+00
        LJ (SR)   Coulomb (SR)      Potential    Kinetic En.   Total Energy
    4.96450e-02    0.00000e+00   -2.19595e+02    5.92795e+01   -1.60316e+02
    Temperature Pressure (bar)
    5.46333e+01    4.16834e-03

           Step           Time         Lambda
            240        0.02400        0.00000

   Energies (kJ/mol)
           Bond          Angle    Proper Dih.          LJ-14     Coulomb-14
    1.46161e+01    1.35004e+01    2.45150e+00   -2.49050e+02    0.00000e+00
        LJ (SR)   Coulomb (SR)      Potential    Kinetic En.   Total Energy
    5.02332e-02    0.00000e+00   -2.18432e+02    5.85380e+01   -1.59894e+02
    Temperature Pressure (bar)
    5.39499e+01    5.11430e-03

           Step           Time         Lambda
            260        0.02600        0.00000

   Energies (kJ/mol)
           Bond          Angle    Proper Dih.          LJ-14     Coulomb-14
    1.27939e+01    1.48388e+01    2.71772e+00   -2.47492e+02    0.00000e+00
        LJ (SR)   Coulomb (SR)      Potential    Kinetic En.   Total Energy
    5.07707e-02    0.00000e+00   -2.17090e+02    5.88888e+01   -1.58202e+02
    Temperature Pressure (bar)
    5.42732e+01    7.12285e-03

           Step           Time         Lambda
            280        0.02800        0.00000

   Energies (kJ/mol)
           Bond          Angle    Proper Dih.          LJ-14     Coulomb-14
    1.40901e+01    1.60979e+01    2.98213e+00   -2.46221e+02    0.00000e+00
        LJ (SR)   Coulomb (SR)      Potential    Kinetic En.   Total Energy
    5.13013e-02    0.00000e+00   -2.12999e+02    5.43900e+01   -1.58609e+02
    Temperature Pressure (bar)
    5.01270e+01    8.70834e-03

           Step           Time         Lambda
            300        0.03000        0.00000

Writing checkpoint, step 300 at Mon Mar  4 13:35:19 2019


   Energies (kJ/mol)
           Bond          Angle    Proper Dih.          LJ-14     Coulomb-14
    1.77510e+01    1.72342e+01    3.23831e+00   -2.45296e+02    0.00000e+00
        LJ (SR)   Coulomb (SR)      Potential    Kinetic En.   Total Energy
    5.18339e-02    0.00000e+00   -2.07021e+02    4.95701e+01   -1.57450e+02
    Temperature Pressure (bar)
    4.56849e+01    1.03531e-02

	<======  ###############  ==>
	<====  A V E R A G E S  ====>
	<==  ###############  ======>

	Statistics over 301 steps using 16 frames

   Energies (kJ/mol)
           Bond          Angle    Proper Dih.          LJ-14     Coulomb-14
    1.43457e+01    7.74329e+00    1.36949e+00   -2.59122e+02    0.00000e+00
        LJ (SR)   Coulomb (SR)      Potential    Kinetic En.   Total Energy
    4.75637e-02    0.00000e+00   -2.35616e+02    7.50094e+01   -1.60607e+02
    Temperature Pressure (bar)
    6.91303e+01    1.00476e-02

   Total Virial (kJ/mol)
   -2.03434e+01   -1.90410e+01    5.18902e+00
   -1.90413e+01   -1.52841e+01   -9.23399e+00
    5.18881e+00   -9.23398e+00   -2.81608e+00

   Pressure (bar)
    1.07721e-02    5.51492e-03   -1.03029e-03
    5.51501e-03    1.17221e-02    3.91440e-04
   -1.03024e-03    3.91436e-04    7.64866e-03


	M E G A - F L O P S   A C C O U N T I N G

 NB=Group-cutoff nonbonded kernels    NxN=N-by-N cluster Verlet kernels
 RF=Reaction-Field  VdW=Van der Waals  QSTab=quadratic-spline table
 W3=SPC/TIP3p  W4=TIP4p (single or pairs)
 V&F=Potential and force  V=Potential only  F=Force only

 Computing:                               M-Number         M-Flops  % Flops
-----------------------------------------------------------------------------
 NB VdW [V&F]                             5.068556           5.069     4.6
 NB VdW [F]                              77.648668          77.649    70.8
 1,4 nonbonded interactions               0.081571           7.341     6.7
 NS-Pairs                                 0.064080           1.346     1.2
 Reset In Box                             0.001424           0.004     0.0
 Shift-X                                  0.053578           0.321     0.3
 CG-CoM                                   0.001424           0.004     0.0
 Bonds                                    0.026488           1.563     1.4
 Angles                                   0.026187           4.399     4.0
 Propers                                  0.051772          11.856    10.8
 Virial                                   0.002144           0.039     0.0
 Stop-CM                                  0.000445           0.004     0.0
 Calc-Ekin                                0.002848           0.077     0.1
-----------------------------------------------------------------------------
 Total                                                     109.672   100.0
-----------------------------------------------------------------------------


     R E A L   C Y C L E   A N D   T I M E   A C C O U N T I N G

On 1 MPI rank

 Computing:          Num   Num      Call    Wall time         Giga-Cycles
                     Ranks Threads  Count      (s)         total sum    %
-----------------------------------------------------------------------------
 Neighbor search        1    1         16       0.002          0.007   7.2
 Force                  1    1        301       0.016          0.047  49.8
 Write traj.            1    1         16       0.011          0.033  35.3
 Update                 1    1        301       0.002          0.005   4.8
 Rest                                           0.001          0.003   2.9
-----------------------------------------------------------------------------
 Total                                          0.032          0.095 100.0
-----------------------------------------------------------------------------

               Core t (s)   Wall t (s)        (%)
       Time:        0.032        0.032      100.0
                 (ns/day)    (hour/ns)
Performance:       80.096        0.300
Finished mdrun on rank 0 Mon Mar  4 13:35:19 2019
