Log file opened on Tue Mar  5 15:21:14 2019
Host: dhcp-10-248-128-195.eduroam.wireless.private.cam.ac.uk  pid: 24185  rank ID: 0  number of ranks:  1
                      :-) GROMACS - gmx mdrun, 2018.3 (-:

                            GROMACS is written by:
     Emile Apol      Rossen Apostolov      Paul Bauer     Herman J.C. Berendsen
    Par Bjelkmar    Aldert van Buuren   Rudi van Drunen     Anton Feenstra  
  Gerrit Groenhof    Aleksei Iupinov   Christoph Junghans   Anca Hamuraru   
 Vincent Hindriksen Dimitrios Karkoulis    Peter Kasson        Jiri Kraus    
  Carsten Kutzner      Per Larsson      Justin A. Lemkul    Viveca Lindahl  
  Magnus Lundborg   Pieter Meulenhoff    Erik Marklund      Teemu Murtola   
    Szilard Pall       Sander Pronk      Roland Schulz     Alexey Shvetsov  
   Michael Shirts     Alfons Sijbers     Peter Tieleman    Teemu Virolainen 
 Christian Wennberg    Maarten Wolf   
                           and the project leaders:
        Mark Abraham, Berk Hess, Erik Lindahl, and David van der Spoel

Copyright (c) 1991-2000, University of Groningen, The Netherlands.
Copyright (c) 2001-2017, The GROMACS development team at
Uppsala University, Stockholm University and
the Royal Institute of Technology, Sweden.
check out http://www.gromacs.org for more information.

GROMACS is free software; you can redistribute it and/or modify it
under the terms of the GNU Lesser General Public License
as published by the Free Software Foundation; either version 2.1
of the License, or (at your option) any later version.

GROMACS:      gmx mdrun, version 2018.3
Executable:   /usr/local/bin/../Cellar/gromacs/2018.3/bin/gmx
Data prefix:  /usr/local/bin/../Cellar/gromacs/2018.3
Working dir:  /Users/sridharn/gokit/examples/1tit_cahp/MD
Command line:
  gmx mdrun -x traj.xtc -e ener.edr -o traj.trr -s run.tpr -g md.log -table table_file.xvg

GROMACS version:    2018.3
Precision:          single
Memory model:       64 bit
MPI library:        thread_mpi
OpenMP support:     disabled
GPU support:        disabled
SIMD instructions:  AVX_256
FFT library:        fftw-3.3.8-sse2
RDTSCP usage:       enabled
TNG support:        enabled
Hwloc support:      disabled
Tracing support:    disabled
Built on:           2018-08-26 19:44:28
Built by:           brew@Mojave-3.local [CMAKE]
Build OS/arch:      Darwin 18.0.0 x86_64
Build CPU vendor:   Intel
Build CPU brand:    Intel(R) Core(TM) i7-3720QM CPU @ 2.60GHz
Build CPU family:   6   Model: 58   Stepping: 9
Build CPU features: aes apic avx clfsh cmov cx8 cx16 f16c intel lahf mmx msr nonstop_tsc pcid pclmuldq popcnt pse rdrnd rdtscp sse2 sse3 sse4.1 sse4.2 ssse3 tdt x2apic
C compiler:         /usr/local/Homebrew/Library/Homebrew/shims/mac/super/clang AppleClang 10.0.0.10001043
C compiler flags:    -mavx    -Wno-unknown-pragmas  -DNDEBUG  
C++ compiler:       /usr/local/Homebrew/Library/Homebrew/shims/mac/super/clang++ AppleClang 10.0.0.10001043
C++ compiler flags:  -mavx    -std=c++11  -Wno-unknown-pragmas  -DNDEBUG  


Running on 1 node with total 8 cores, 8 logical cores
Hardware detected:
  CPU info:
    Vendor: Intel
    Brand:  Intel(R) Core(TM) i7-7820HQ CPU @ 2.90GHz
    Family: 6   Model: 158   Stepping: 9
    Features: aes apic avx avx2 clfsh cmov cx8 cx16 f16c fma hle htt intel lahf mmx msr nonstop_tsc pcid pclmuldq pdcm pdpe1gb popcnt pse rdrnd rdtscp rtm sse2 sse3 sse4.1 sse4.2 ssse3 tdt x2apic
  Hardware topology: Only logical processor count

Highest SIMD level requested by all nodes in run: AVX2_256
SIMD instructions selected at compile time:       AVX_256
This program was compiled for different hardware than you are running on,
which could influence performance.

++++ PLEASE READ AND CITE THE FOLLOWING REFERENCE ++++
M. J. Abraham, T. Murtola, R. Schulz, S. Páll, J. C. Smith, B. Hess, E.
Lindahl
GROMACS: High performance molecular simulations through multi-level
parallelism from laptops to supercomputers
SoftwareX 1 (2015) pp. 19-25
-------- -------- --- Thank You --- -------- --------


++++ PLEASE READ AND CITE THE FOLLOWING REFERENCE ++++
S. Páll, M. J. Abraham, C. Kutzner, B. Hess, E. Lindahl
Tackling Exascale Software Challenges in Molecular Dynamics Simulations with
GROMACS
In S. Markidis & E. Laure (Eds.), Solving Software Challenges for Exascale 8759 (2015) pp. 3-27
-------- -------- --- Thank You --- -------- --------


++++ PLEASE READ AND CITE THE FOLLOWING REFERENCE ++++
S. Pronk, S. Páll, R. Schulz, P. Larsson, P. Bjelkmar, R. Apostolov, M. R.
Shirts, J. C. Smith, P. M. Kasson, D. van der Spoel, B. Hess, and E. Lindahl
GROMACS 4.5: a high-throughput and highly parallel open source molecular
simulation toolkit
Bioinformatics 29 (2013) pp. 845-54
-------- -------- --- Thank You --- -------- --------


++++ PLEASE READ AND CITE THE FOLLOWING REFERENCE ++++
B. Hess and C. Kutzner and D. van der Spoel and E. Lindahl
GROMACS 4: Algorithms for highly efficient, load-balanced, and scalable
molecular simulation
J. Chem. Theory Comput. 4 (2008) pp. 435-447
-------- -------- --- Thank You --- -------- --------


++++ PLEASE READ AND CITE THE FOLLOWING REFERENCE ++++
D. van der Spoel, E. Lindahl, B. Hess, G. Groenhof, A. E. Mark and H. J. C.
Berendsen
GROMACS: Fast, Flexible and Free
J. Comp. Chem. 26 (2005) pp. 1701-1719
-------- -------- --- Thank You --- -------- --------


++++ PLEASE READ AND CITE THE FOLLOWING REFERENCE ++++
E. Lindahl and B. Hess and D. van der Spoel
GROMACS 3.0: A package for molecular simulation and trajectory analysis
J. Mol. Mod. 7 (2001) pp. 306-317
-------- -------- --- Thank You --- -------- --------


++++ PLEASE READ AND CITE THE FOLLOWING REFERENCE ++++
H. J. C. Berendsen, D. van der Spoel and R. van Drunen
GROMACS: A message-passing parallel molecular dynamics implementation
Comp. Phys. Comm. 91 (1995) pp. 43-56
-------- -------- --- Thank You --- -------- --------

Input Parameters:
   integrator                     = sd
   tinit                          = 0
   dt                             = 0.0001
   nsteps                         = 600
   init-step                      = 0
   simulation-part                = 1
   comm-mode                      = Angular
   nstcomm                        = 100
   bd-fric                        = 0
   ld-seed                        = 130
   emtol                          = 10
   emstep                         = 0.01
   niter                          = 20
   fcstep                         = 0
   nstcgsteep                     = 1000
   nbfgscorr                      = 10
   rtpi                           = 0.05
   nstxout                        = 20
   nstvout                        = 20
   nstfout                        = 0
   nstlog                         = 20
   nstcalcenergy                  = 20
   nstenergy                      = 20
   nstxout-compressed             = 20
   compressed-x-precision         = 1000
   cutoff-scheme                  = Group
   nstlist                        = 20
   ns-type                        = Grid
   pbc                            = xyz
   periodic-molecules             = false
   verlet-buffer-tolerance        = 0.005
   rlist                          = 3
   coulombtype                    = User
   coulomb-modifier               = None
   rcoulomb-switch                = 0
   rcoulomb                       = 3
   epsilon-r                      = 1
   epsilon-rf                     = inf
   vdw-type                       = User
   vdw-modifier                   = None
   rvdw-switch                    = 0
   rvdw                           = 3
   DispCorr                       = No
   table-extension                = 38
   fourierspacing                 = 0.12
   fourier-nx                     = 0
   fourier-ny                     = 0
   fourier-nz                     = 0
   pme-order                      = 4
   ewald-rtol                     = 1e-05
   ewald-rtol-lj                  = 0.001
   lj-pme-comb-rule               = Geometric
   ewald-geometry                 = 0
   epsilon-surface                = 0
   implicit-solvent               = No
   gb-algorithm                   = Still
   nstgbradii                     = 1
   rgbradii                       = 1
   gb-epsilon-solvent             = 80
   gb-saltconc                    = 0
   gb-obc-alpha                   = 1
   gb-obc-beta                    = 0.8
   gb-obc-gamma                   = 4.85
   gb-dielectric-offset           = 0.009
   sa-algorithm                   = Ace-approximation
   sa-surface-tension             = 2.05016
   tcoupl                         = No
   nsttcouple                     = -1
   nh-chain-length                = 0
   print-nose-hoover-chain-variables = false
   pcoupl                         = No
   pcoupltype                     = Isotropic
   nstpcouple                     = -1
   tau-p                          = 1
   compressibility (3x3):
      compressibility[    0]={ 0.00000e+00,  0.00000e+00,  0.00000e+00}
      compressibility[    1]={ 0.00000e+00,  0.00000e+00,  0.00000e+00}
      compressibility[    2]={ 0.00000e+00,  0.00000e+00,  0.00000e+00}
   ref-p (3x3):
      ref-p[    0]={ 0.00000e+00,  0.00000e+00,  0.00000e+00}
      ref-p[    1]={ 0.00000e+00,  0.00000e+00,  0.00000e+00}
      ref-p[    2]={ 0.00000e+00,  0.00000e+00,  0.00000e+00}
   refcoord-scaling               = No
   posres-com (3):
      posres-com[0]= 0.00000e+00
      posres-com[1]= 0.00000e+00
      posres-com[2]= 0.00000e+00
   posres-comB (3):
      posres-comB[0]= 0.00000e+00
      posres-comB[1]= 0.00000e+00
      posres-comB[2]= 0.00000e+00
   QMMM                           = false
   QMconstraints                  = 0
   QMMMscheme                     = 0
   MMChargeScaleFactor            = 1
qm-opts:
   ngQM                           = 0
   constraint-algorithm           = Lincs
   continuation                   = false
   Shake-SOR                      = false
   shake-tol                      = 0.0001
   lincs-order                    = 4
   lincs-iter                     = 1
   lincs-warnangle                = 30
   nwall                          = 0
   wall-type                      = 9-3
   wall-r-linpot                  = -1
   wall-atomtype[0]               = -1
   wall-atomtype[1]               = -1
   wall-density[0]                = 0
   wall-density[1]                = 0
   wall-ewald-zfac                = 3
   pull                           = false
   awh                            = false
   rotation                       = false
   interactiveMD                  = false
   disre                          = No
   disre-weighting                = Conservative
   disre-mixed                    = false
   dr-fc                          = 1000
   dr-tau                         = 0
   nstdisreout                    = 100
   orire-fc                       = 0
   orire-tau                      = 0
   nstorireout                    = 100
   free-energy                    = no
   cos-acceleration               = 0
   deform (3x3):
      deform[    0]={ 0.00000e+00,  0.00000e+00,  0.00000e+00}
      deform[    1]={ 0.00000e+00,  0.00000e+00,  0.00000e+00}
      deform[    2]={ 0.00000e+00,  0.00000e+00,  0.00000e+00}
   simulated-tempering            = false
   swapcoords                     = no
   userint1                       = 0
   userint2                       = 0
   userint3                       = 0
   userint4                       = 0
   userreal1                      = 0
   userreal2                      = 0
   userreal3                      = 0
   userreal4                      = 0
   applied-forces:
     electric-field:
       x:
         E0                       = 0
         omega                    = 0
         t0                       = 0
         sigma                    = 0
       y:
         E0                       = 0
         omega                    = 0
         t0                       = 0
         sigma                    = 0
       z:
         E0                       = 0
         omega                    = 0
         t0                       = 0
         sigma                    = 0
grpopts:
   nrdf:         261
   ref-t:         100
   tau-t:           1
annealing:          No
annealing-npoints:           0
   acc:	           0           0           0
   nfreeze:           N           N           N
   energygrp-flags[  0]: 0

Using 1 MPI thread

NOTE: This file uses the deprecated 'group' cutoff_scheme. This will be
removed in a future release when 'verlet' supports all interaction forms.

System total charge: 0.000
Potential shift: LJ r^-12: 0.000e+00 r^-6: 0.000e+00
Table routines are used for coulomb: true
Table routines are used for vdw:     true
Cut-off's:   NS: 3   Coulomb: 3   LJ: 3
Read user tables from table_file.xvg with 13000 data points.
Tabscale = 200 points/nm
Read user tables from tablep.xvg with 13000 data points.
Tabscale = 200 points/nm

Removing pbc first time
Intra-simulation communication will occur every 20 steps.
Center of mass motion removal mode is Angular
We have the following groups for center of mass motion removal:
  0:  rest

++++ PLEASE READ AND CITE THE FOLLOWING REFERENCE ++++
N. Goga and A. J. Rzepiela and A. H. de Vries and S. J. Marrink and H. J. C.
Berendsen
Efficient Algorithms for Langevin and DPD Dynamics
J. Chem. Theory Comput. 8 (2012) pp. 3637--3649
-------- -------- --- Thank You --- -------- --------

There are: 89 Atoms
Initial temperature: 97.6224 K

Started mdrun on rank 0 Tue Mar  5 15:21:14 2019
           Step           Time
              0        0.00000


Grid: 17 x 17 x 17 cells
   Energies (kJ/mol)
           Bond          Angle    Proper Dih.          LJ-14     Coulomb-14
    1.10523e-01    5.78697e-03    1.31530e-03   -2.73042e+02    0.00000e+00
        LJ (SR)   Coulomb (SR)      Potential    Kinetic En.   Total Energy
    3.57691e-02    0.00000e+00   -2.72888e+02    1.05949e+02   -1.66940e+02
    Temperature Pressure (bar)
    9.76451e+01    9.13337e-03

           Step           Time
             20        0.00200

   Energies (kJ/mol)
           Bond          Angle    Proper Dih.          LJ-14     Coulomb-14
    5.02853e+00    2.01973e-01    5.07397e-02   -2.72786e+02    0.00000e+00
        LJ (SR)   Coulomb (SR)      Potential    Kinetic En.   Total Energy
    3.51500e-02    0.00000e+00   -2.67470e+02    9.94913e+01   -1.67979e+02
    Temperature Pressure (bar)
    9.16939e+01    6.13604e-03

           Step           Time
             40        0.00400

   Energies (kJ/mol)
           Bond          Angle    Proper Dih.          LJ-14     Coulomb-14
    1.59394e+01    7.35302e-01    1.92422e-01   -2.72017e+02    0.00000e+00
        LJ (SR)   Coulomb (SR)      Potential    Kinetic En.   Total Energy
    3.47383e-02    0.00000e+00   -2.55115e+02    8.70078e+01   -1.68107e+02
    Temperature Pressure (bar)
    8.01888e+01    1.86491e-03

           Step           Time
             60        0.00600

   Energies (kJ/mol)
           Bond          Angle    Proper Dih.          LJ-14     Coulomb-14
    2.53233e+01    1.52212e+00    4.12781e-01   -2.70813e+02    0.00000e+00
        LJ (SR)   Coulomb (SR)      Potential    Kinetic En.   Total Energy
    3.44998e-02    0.00000e+00   -2.43521e+02    7.59301e+01   -1.67591e+02
    Temperature Pressure (bar)
    6.99792e+01   -1.63400e-03

           Step           Time
             80        0.00800

   Energies (kJ/mol)
           Bond          Angle    Proper Dih.          LJ-14     Coulomb-14
    2.69162e+01    2.45520e+00    6.99024e-01   -2.69250e+02    0.00000e+00
        LJ (SR)   Coulomb (SR)      Potential    Kinetic En.   Total Energy
    3.43824e-02    0.00000e+00   -2.39145e+02    7.19112e+01   -1.67234e+02
    Temperature Pressure (bar)
    6.62753e+01   -3.06597e-03

           Step           Time
            100        0.01000

   Energies (kJ/mol)
           Bond          Angle    Proper Dih.          LJ-14     Coulomb-14
    2.06836e+01    3.46759e+00    1.03737e+00   -2.67377e+02    0.00000e+00
        LJ (SR)   Coulomb (SR)      Potential    Kinetic En.   Total Energy
    3.43761e-02    0.00000e+00   -2.42154e+02    7.55717e+01   -1.66583e+02
    Temperature Pressure (bar)
    6.96489e+01   -1.87757e-03

           Step           Time
            120        0.01200

   Energies (kJ/mol)
           Bond          Angle    Proper Dih.          LJ-14     Coulomb-14
    1.19033e+01    4.48300e+00    1.41741e+00   -2.65216e+02    0.00000e+00
        LJ (SR)   Coulomb (SR)      Potential    Kinetic En.   Total Energy
    3.44370e-02    0.00000e+00   -2.47378e+02    8.10151e+01   -1.66362e+02
    Temperature Pressure (bar)
    7.46657e+01    5.49024e-04

           Step           Time
            140        0.01400

   Energies (kJ/mol)
           Bond          Angle    Proper Dih.          LJ-14     Coulomb-14
    6.87812e+00    5.46173e+00    1.82748e+00   -2.62814e+02    0.00000e+00
        LJ (SR)   Coulomb (SR)      Potential    Kinetic En.   Total Energy
    3.45309e-02    0.00000e+00   -2.48612e+02    8.12758e+01   -1.67336e+02
    Temperature Pressure (bar)
    7.49060e+01    3.24959e-03

           Step           Time
            160        0.01600

   Energies (kJ/mol)
           Bond          Angle    Proper Dih.          LJ-14     Coulomb-14
    8.06173e+00    6.41624e+00    2.25968e+00   -2.60221e+02    0.00000e+00
        LJ (SR)   Coulomb (SR)      Potential    Kinetic En.   Total Energy
    3.46410e-02    0.00000e+00   -2.43449e+02    7.67682e+01   -1.66681e+02
    Temperature Pressure (bar)
    7.07517e+01    5.52641e-03

           Step           Time
            180        0.01800

   Energies (kJ/mol)
           Bond          Angle    Proper Dih.          LJ-14     Coulomb-14
    1.29606e+01    7.37876e+00    2.71188e+00   -2.57543e+02    0.00000e+00
        LJ (SR)   Coulomb (SR)      Potential    Kinetic En.   Total Energy
    3.47388e-02    0.00000e+00   -2.34457e+02    6.94227e+01   -1.65034e+02
    Temperature Pressure (bar)
    6.39819e+01    7.46828e-03

           Step           Time
            200        0.02000

   Energies (kJ/mol)
           Bond          Angle    Proper Dih.          LJ-14     Coulomb-14
    1.72404e+01    8.36862e+00    3.17224e+00   -2.54933e+02    0.00000e+00
        LJ (SR)   Coulomb (SR)      Potential    Kinetic En.   Total Energy
    3.48208e-02    0.00000e+00   -2.26117e+02    6.12572e+01   -1.64860e+02
    Temperature Pressure (bar)
    5.64563e+01    9.46410e-03

           Step           Time
            220        0.02200

   Energies (kJ/mol)
           Bond          Angle    Proper Dih.          LJ-14     Coulomb-14
    1.79582e+01    9.40926e+00    3.63065e+00   -2.52555e+02    0.00000e+00
        LJ (SR)   Coulomb (SR)      Potential    Kinetic En.   Total Energy
    3.48747e-02    0.00000e+00   -2.21522e+02    5.70944e+01   -1.64427e+02
    Temperature Pressure (bar)
    5.26198e+01    1.15211e-02

           Step           Time
            240        0.02400

   Energies (kJ/mol)
           Bond          Angle    Proper Dih.          LJ-14     Coulomb-14
    1.61968e+01    1.04634e+01    4.08497e+00   -2.50454e+02    0.00000e+00
        LJ (SR)   Coulomb (SR)      Potential    Kinetic En.   Total Energy
    3.49173e-02    0.00000e+00   -2.19674e+02    5.48334e+01   -1.64841e+02
    Temperature Pressure (bar)
    5.05360e+01    1.35545e-02

           Step           Time
            260        0.02600

   Energies (kJ/mol)
           Bond          Angle    Proper Dih.          LJ-14     Coulomb-14
    1.51678e+01    1.15046e+01    4.52006e+00   -2.48744e+02    0.00000e+00
        LJ (SR)   Coulomb (SR)      Potential    Kinetic En.   Total Energy
    3.49509e-02    0.00000e+00   -2.17517e+02    5.27480e+01   -1.64769e+02
    Temperature Pressure (bar)
    4.86140e+01    1.51900e-02

           Step           Time
            280        0.02800

   Energies (kJ/mol)
           Bond          Angle    Proper Dih.          LJ-14     Coulomb-14
    1.71720e+01    1.25218e+01    4.92926e+00   -2.47500e+02    0.00000e+00
        LJ (SR)   Coulomb (SR)      Potential    Kinetic En.   Total Energy
    3.50047e-02    0.00000e+00   -2.12842e+02    4.77542e+01   -1.65088e+02
    Temperature Pressure (bar)
    4.40115e+01    1.62823e-02

           Step           Time
            300        0.03000

   Energies (kJ/mol)
           Bond          Angle    Proper Dih.          LJ-14     Coulomb-14
    2.11209e+01    1.34955e+01    5.30325e+00   -2.46693e+02    0.00000e+00
        LJ (SR)   Coulomb (SR)      Potential    Kinetic En.   Total Energy
    3.50867e-02    0.00000e+00   -2.06739e+02    4.13900e+01   -1.65349e+02
    Temperature Pressure (bar)
    3.81462e+01    1.72514e-02

           Step           Time
            320        0.03200

   Energies (kJ/mol)
           Bond          Angle    Proper Dih.          LJ-14     Coulomb-14
    2.33492e+01    1.43824e+01    5.64018e+00   -2.46261e+02    0.00000e+00
        LJ (SR)   Coulomb (SR)      Potential    Kinetic En.   Total Energy
    3.51988e-02    0.00000e+00   -2.02854e+02    3.73792e+01   -1.65475e+02
    Temperature Pressure (bar)
    3.44497e+01    1.86283e-02

           Step           Time
            340        0.03400

   Energies (kJ/mol)
           Bond          Angle    Proper Dih.          LJ-14     Coulomb-14
    2.15313e+01    1.51944e+01    5.93351e+00   -2.46185e+02    0.00000e+00
        LJ (SR)   Coulomb (SR)      Potential    Kinetic En.   Total Energy
    3.53234e-02    0.00000e+00   -2.03490e+02    3.77777e+01   -1.65713e+02
    Temperature Pressure (bar)
    3.48170e+01    2.06008e-02

           Step           Time
            360        0.03600

   Energies (kJ/mol)
           Bond          Angle    Proper Dih.          LJ-14     Coulomb-14
    1.65232e+01    1.59360e+01    6.18658e+00   -2.46367e+02    0.00000e+00
        LJ (SR)   Coulomb (SR)      Potential    Kinetic En.   Total Energy
    3.54868e-02    0.00000e+00   -2.07686e+02    4.16589e+01   -1.66027e+02
    Temperature Pressure (bar)
    3.83939e+01    2.28090e-02

           Step           Time
            380        0.03800

   Energies (kJ/mol)
           Bond          Angle    Proper Dih.          LJ-14     Coulomb-14
    1.19058e+01    1.65883e+01    6.39513e+00   -2.46707e+02    0.00000e+00
        LJ (SR)   Coulomb (SR)      Potential    Kinetic En.   Total Energy
    3.56824e-02    0.00000e+00   -2.11783e+02    4.65090e+01   -1.65274e+02
    Temperature Pressure (bar)
    4.28640e+01    2.43721e-02

           Step           Time
            400        0.04000

   Energies (kJ/mol)
           Bond          Angle    Proper Dih.          LJ-14     Coulomb-14
    1.06522e+01    1.71509e+01    6.55087e+00   -2.47141e+02    0.00000e+00
        LJ (SR)   Coulomb (SR)      Potential    Kinetic En.   Total Energy
    3.59360e-02    0.00000e+00   -2.12751e+02    4.78220e+01   -1.64929e+02
    Temperature Pressure (bar)
    4.40740e+01    2.42930e-02

           Step           Time
            420        0.04200

   Energies (kJ/mol)
           Bond          Angle    Proper Dih.          LJ-14     Coulomb-14
    1.33127e+01    1.75996e+01    6.64939e+00   -2.47648e+02    0.00000e+00
        LJ (SR)   Coulomb (SR)      Potential    Kinetic En.   Total Energy
    3.62425e-02    0.00000e+00   -2.10050e+02    4.50704e+01   -1.64979e+02
    Temperature Pressure (bar)
    4.15381e+01    2.22072e-02

           Step           Time
            440        0.04400

   Energies (kJ/mol)
           Bond          Angle    Proper Dih.          LJ-14     Coulomb-14
    1.71152e+01    1.78973e+01    6.70109e+00   -2.48167e+02    0.00000e+00
        LJ (SR)   Coulomb (SR)      Potential    Kinetic En.   Total Energy
    3.65337e-02    0.00000e+00   -2.06417e+02    4.09963e+01   -1.65420e+02
    Temperature Pressure (bar)
    3.77833e+01    1.86714e-02

           Step           Time
            460        0.04600

   Energies (kJ/mol)
           Bond          Angle    Proper Dih.          LJ-14     Coulomb-14
    1.86792e+01    1.79353e+01    6.71004e+00   -2.48761e+02    0.00000e+00
        LJ (SR)   Coulomb (SR)      Potential    Kinetic En.   Total Energy
    3.67438e-02    0.00000e+00   -2.05400e+02    4.01394e+01   -1.65260e+02
    Temperature Pressure (bar)
    3.69936e+01    1.43693e-02

           Step           Time
            480        0.04800

   Energies (kJ/mol)
           Bond          Angle    Proper Dih.          LJ-14     Coulomb-14
    1.73838e+01    1.76837e+01    6.67037e+00   -2.49403e+02    0.00000e+00
        LJ (SR)   Coulomb (SR)      Potential    Kinetic En.   Total Energy
    3.68755e-02    0.00000e+00   -2.07629e+02    4.34339e+01   -1.64195e+02
    Temperature Pressure (bar)
    4.00299e+01    9.55852e-03

           Step           Time
            500        0.05000

   Energies (kJ/mol)
           Bond          Angle    Proper Dih.          LJ-14     Coulomb-14
    1.51040e+01    1.71160e+01    6.58248e+00   -2.50052e+02    0.00000e+00
        LJ (SR)   Coulomb (SR)      Potential    Kinetic En.   Total Energy
    3.69035e-02    0.00000e+00   -2.11212e+02    4.77678e+01   -1.63445e+02
    Temperature Pressure (bar)
    4.40241e+01    4.71007e-03

           Step           Time
            520        0.05200

   Energies (kJ/mol)
           Bond          Angle    Proper Dih.          LJ-14     Coulomb-14
    1.45836e+01    1.62524e+01    6.46549e+00   -2.50638e+02    0.00000e+00
        LJ (SR)   Coulomb (SR)      Potential    Kinetic En.   Total Energy
    3.68084e-02    0.00000e+00   -2.13300e+02    4.95132e+01   -1.63787e+02
    Temperature Pressure (bar)
    4.56327e+01   -1.01817e-03

           Step           Time
            540        0.05400

   Energies (kJ/mol)
           Bond          Angle    Proper Dih.          LJ-14     Coulomb-14
    1.62369e+01    1.51963e+01    6.33998e+00   -2.51098e+02    0.00000e+00
        LJ (SR)   Coulomb (SR)      Potential    Kinetic En.   Total Energy
    3.66107e-02    0.00000e+00   -2.13288e+02    5.00487e+01   -1.63239e+02
    Temperature Pressure (bar)
    4.61263e+01   -6.78194e-03

           Step           Time
            560        0.05600

   Energies (kJ/mol)
           Bond          Angle    Proper Dih.          LJ-14     Coulomb-14
    1.83219e+01    1.40406e+01    6.21471e+00   -2.51431e+02    0.00000e+00
        LJ (SR)   Coulomb (SR)      Potential    Kinetic En.   Total Energy
    3.63517e-02    0.00000e+00   -2.12818e+02    4.97015e+01   -1.63116e+02
    Temperature Pressure (bar)
    4.58063e+01   -1.12979e-02

           Step           Time
            580        0.05800

   Energies (kJ/mol)
           Bond          Angle    Proper Dih.          LJ-14     Coulomb-14
    1.88893e+01    1.28715e+01    6.08451e+00   -2.51648e+02    0.00000e+00
        LJ (SR)   Coulomb (SR)      Potential    Kinetic En.   Total Energy
    3.60111e-02    0.00000e+00   -2.13767e+02    5.07150e+01   -1.63052e+02
    Temperature Pressure (bar)
    4.67403e+01   -1.38754e-02

           Step           Time
            600        0.06000

Writing checkpoint, step 600 at Tue Mar  5 15:21:14 2019


   Energies (kJ/mol)
           Bond          Angle    Proper Dih.          LJ-14     Coulomb-14
    1.73812e+01    1.17806e+01    5.96096e+00   -2.51711e+02    0.00000e+00
        LJ (SR)   Coulomb (SR)      Potential    Kinetic En.   Total Energy
    3.56592e-02    0.00000e+00   -2.16552e+02    5.43239e+01   -1.62228e+02
    Temperature Pressure (bar)
    5.00664e+01   -1.42872e-02

	<======  ###############  ==>
	<====  A V E R A G E S  ====>
	<==  ###############  ======>

	Statistics over 601 steps using 31 frames

   Energies (kJ/mol)
           Bond          Angle    Proper Dih.          LJ-14     Coulomb-14
    1.57945e+01    1.08231e+01    4.23664e+00   -2.55006e+02    0.00000e+00
        LJ (SR)   Coulomb (SR)      Potential    Kinetic En.   Total Energy
    3.54608e-02    0.00000e+00   -2.24116e+02    5.87831e+01   -1.65333e+02
    Temperature Pressure (bar)
    5.41761e+01    7.85718e-03

   Total Virial (kJ/mol)
    5.29105e+00   -4.09770e+01   -1.90472e+01
   -4.09770e+01   -2.82012e+01   -3.92039e+00
   -1.90474e+01   -3.92035e+00   -7.02627e+00

   Pressure (bar)
    3.52393e-03    1.12383e-02    4.14214e-03
    1.12383e-02    1.28755e-02    1.01060e-03
    4.14219e-03    1.01059e-03    7.17212e-03


	M E G A - F L O P S   A C C O U N T I N G

 NB=Group-cutoff nonbonded kernels    NxN=N-by-N cluster Verlet kernels
 RF=Reaction-Field  VdW=Van der Waals  QSTab=quadratic-spline table
 W3=SPC/TIP3p  W4=TIP4p (single or pairs)
 V&F=Potential and force  V=Potential only  F=Force only

 Computing:                               M-Number         M-Flops  % Flops
-----------------------------------------------------------------------------
 NB VdW [V&F]                             9.027248           9.027     3.9
 NB VdW [F]                             142.715042         142.715    61.2
 1,4 nonbonded interactions               0.469381          42.244    18.1
 NS-Pairs                                 0.124155           2.607     1.1
 Reset In Box                             0.002759           0.008     0.0
 Shift-X                                  0.106978           0.642     0.3
 CG-CoM                                   0.002759           0.008     0.0
 Bonds                                    0.052888           3.120     1.3
 Angles                                   0.052287           8.784     3.8
 Propers                                  0.103372          23.672    10.2
 Virial                                   0.004154           0.075     0.0
 Stop-CM                                  0.000712           0.007     0.0
 Calc-Ekin                                0.005518           0.149     0.1
-----------------------------------------------------------------------------
 Total                                                     233.060   100.0
-----------------------------------------------------------------------------


     R E A L   C Y C L E   A N D   T I M E   A C C O U N T I N G

On 1 MPI rank

 Computing:          Num   Num      Call    Wall time         Giga-Cycles
                     Ranks Threads  Count      (s)         total sum    %
-----------------------------------------------------------------------------
 Neighbor search        1    1         31       0.006          0.017   8.8
 Force                  1    1        601       0.051          0.147  74.3
 Write traj.            1    1         31       0.006          0.018   9.3
 Update                 1    1        601       0.003          0.007   3.7
 Rest                                           0.003          0.008   3.9
-----------------------------------------------------------------------------
 Total                                          0.068          0.198 100.0
-----------------------------------------------------------------------------

               Core t (s)   Wall t (s)        (%)
       Time:        0.068        0.068      100.0
                 (ns/day)    (hour/ns)
Performance:       76.171        0.315
Finished mdrun on rank 0 Tue Mar  5 15:21:14 2019
