Log file opened on Sat Mar  9 17:41:19 2019
Host: dhcp-10-248-131-119.eduroam.wireless.private.cam.ac.uk  pid: 3847  rank ID: 0  number of ranks:  1
                      :-) GROMACS - gmx mdrun, 2018.3 (-:

                            GROMACS is written by:
     Emile Apol      Rossen Apostolov      Paul Bauer     Herman J.C. Berendsen
    Par Bjelkmar    Aldert van Buuren   Rudi van Drunen     Anton Feenstra  
  Gerrit Groenhof    Aleksei Iupinov   Christoph Junghans   Anca Hamuraru   
 Vincent Hindriksen Dimitrios Karkoulis    Peter Kasson        Jiri Kraus    
  Carsten Kutzner      Per Larsson      Justin A. Lemkul    Viveca Lindahl  
  Magnus Lundborg   Pieter Meulenhoff    Erik Marklund      Teemu Murtola   
    Szilard Pall       Sander Pronk      Roland Schulz     Alexey Shvetsov  
   Michael Shirts     Alfons Sijbers     Peter Tieleman    Teemu Virolainen 
 Christian Wennberg    Maarten Wolf   
                           and the project leaders:
        Mark Abraham, Berk Hess, Erik Lindahl, and David van der Spoel

Copyright (c) 1991-2000, University of Groningen, The Netherlands.
Copyright (c) 2001-2017, The GROMACS development team at
Uppsala University, Stockholm University and
the Royal Institute of Technology, Sweden.
check out http://www.gromacs.org for more information.

GROMACS is free software; you can redistribute it and/or modify it
under the terms of the GNU Lesser General Public License
as published by the Free Software Foundation; either version 2.1
of the License, or (at your option) any later version.

GROMACS:      gmx mdrun, version 2018.3
Executable:   /usr/local/bin/../Cellar/gromacs/2018.3/bin/gmx
Data prefix:  /usr/local/bin/../Cellar/gromacs/2018.3
Working dir:  /Users/sridharn/gokit/examples/1j85/MD
Command line:
  gmx mdrun -x traj.xtc -e ener.edr -o traj.trr -s run.tpr -g md.log -tablep table_file.xvg -table table_file.xvg -tableb table_files/table_b1.xvg table_files/table_b10.xvg table_files/table_b100.xvg table_files/table_b101.xvg table_files/table_b102.xvg table_files/table_b103.xvg table_files/table_b104.xvg table_files/table_b105.xvg table_files/table_b106.xvg table_files/table_b107.xvg table_files/table_b108.xvg table_files/table_b109.xvg table_files/table_b11.xvg table_files/table_b110.xvg table_files/table_b111.xvg table_files/table_b112.xvg table_files/table_b113.xvg table_files/table_b114.xvg table_files/table_b115.xvg table_files/table_b116.xvg table_files/table_b117.xvg table_files/table_b118.xvg table_files/table_b119.xvg table_files/table_b12.xvg table_files/table_b120.xvg table_files/table_b121.xvg table_files/table_b122.xvg table_files/table_b123.xvg table_files/table_b124.xvg table_files/table_b125.xvg table_files/table_b126.xvg table_files/table_b127.xvg table_files/table_b128.xvg table_files/table_b129.xvg table_files/table_b13.xvg table_files/table_b130.xvg table_files/table_b131.xvg table_files/table_b132.xvg table_files/table_b133.xvg table_files/table_b134.xvg table_files/table_b135.xvg table_files/table_b136.xvg table_files/table_b137.xvg table_files/table_b138.xvg table_files/table_b139.xvg table_files/table_b14.xvg table_files/table_b140.xvg table_files/table_b141.xvg table_files/table_b142.xvg table_files/table_b143.xvg table_files/table_b144.xvg table_files/table_b145.xvg table_files/table_b146.xvg table_files/table_b147.xvg table_files/table_b148.xvg table_files/table_b149.xvg table_files/table_b15.xvg table_files/table_b150.xvg table_files/table_b151.xvg table_files/table_b152.xvg table_files/table_b153.xvg table_files/table_b154.xvg table_files/table_b155.xvg table_files/table_b156.xvg table_files/table_b157.xvg table_files/table_b158.xvg table_files/table_b159.xvg table_files/table_b16.xvg table_files/table_b160.xvg table_files/table_b161.xvg table_files/table_b162.xvg table_files/table_b163.xvg table_files/table_b164.xvg table_files/table_b165.xvg table_files/table_b166.xvg table_files/table_b167.xvg table_files/table_b168.xvg table_files/table_b169.xvg table_files/table_b17.xvg table_files/table_b170.xvg table_files/table_b171.xvg table_files/table_b172.xvg table_files/table_b173.xvg table_files/table_b174.xvg table_files/table_b175.xvg table_files/table_b176.xvg table_files/table_b177.xvg table_files/table_b178.xvg table_files/table_b179.xvg table_files/table_b18.xvg table_files/table_b180.xvg table_files/table_b181.xvg table_files/table_b182.xvg table_files/table_b183.xvg table_files/table_b184.xvg table_files/table_b185.xvg table_files/table_b186.xvg table_files/table_b187.xvg table_files/table_b188.xvg table_files/table_b189.xvg table_files/table_b19.xvg table_files/table_b190.xvg table_files/table_b191.xvg table_files/table_b192.xvg table_files/table_b193.xvg table_files/table_b194.xvg table_files/table_b195.xvg table_files/table_b196.xvg table_files/table_b197.xvg table_files/table_b198.xvg table_files/table_b199.xvg table_files/table_b2.xvg table_files/table_b20.xvg table_files/table_b200.xvg table_files/table_b201.xvg table_files/table_b202.xvg table_files/table_b203.xvg table_files/table_b204.xvg table_files/table_b205.xvg table_files/table_b206.xvg table_files/table_b207.xvg table_files/table_b208.xvg table_files/table_b209.xvg table_files/table_b21.xvg table_files/table_b210.xvg table_files/table_b211.xvg table_files/table_b212.xvg table_files/table_b213.xvg table_files/table_b214.xvg table_files/table_b215.xvg table_files/table_b216.xvg table_files/table_b217.xvg table_files/table_b218.xvg table_files/table_b219.xvg table_files/table_b22.xvg table_files/table_b220.xvg table_files/table_b221.xvg table_files/table_b222.xvg table_files/table_b223.xvg table_files/table_b224.xvg table_files/table_b225.xvg table_files/table_b226.xvg table_files/table_b227.xvg table_files/table_b228.xvg table_files/table_b229.xvg table_files/table_b23.xvg table_files/table_b230.xvg table_files/table_b231.xvg table_files/table_b232.xvg table_files/table_b233.xvg table_files/table_b234.xvg table_files/table_b235.xvg table_files/table_b236.xvg table_files/table_b237.xvg table_files/table_b238.xvg table_files/table_b239.xvg table_files/table_b24.xvg table_files/table_b240.xvg table_files/table_b241.xvg table_files/table_b242.xvg table_files/table_b243.xvg table_files/table_b244.xvg table_files/table_b245.xvg table_files/table_b246.xvg table_files/table_b247.xvg table_files/table_b248.xvg table_files/table_b249.xvg table_files/table_b25.xvg table_files/table_b250.xvg table_files/table_b251.xvg table_files/table_b252.xvg table_files/table_b253.xvg table_files/table_b254.xvg table_files/table_b255.xvg table_files/table_b256.xvg table_files/table_b257.xvg table_files/table_b258.xvg table_files/table_b259.xvg table_files/table_b26.xvg table_files/table_b260.xvg table_files/table_b261.xvg table_files/table_b262.xvg table_files/table_b263.xvg table_files/table_b264.xvg table_files/table_b265.xvg table_files/table_b266.xvg table_files/table_b267.xvg table_files/table_b268.xvg table_files/table_b269.xvg table_files/table_b27.xvg table_files/table_b270.xvg table_files/table_b271.xvg table_files/table_b272.xvg table_files/table_b273.xvg table_files/table_b274.xvg table_files/table_b275.xvg table_files/table_b276.xvg table_files/table_b277.xvg table_files/table_b278.xvg table_files/table_b279.xvg table_files/table_b28.xvg table_files/table_b280.xvg table_files/table_b281.xvg table_files/table_b282.xvg table_files/table_b283.xvg table_files/table_b284.xvg table_files/table_b285.xvg table_files/table_b286.xvg table_files/table_b287.xvg table_files/table_b288.xvg table_files/table_b289.xvg table_files/table_b29.xvg table_files/table_b290.xvg table_files/table_b291.xvg table_files/table_b292.xvg table_files/table_b293.xvg table_files/table_b294.xvg table_files/table_b295.xvg table_files/table_b296.xvg table_files/table_b297.xvg table_files/table_b298.xvg table_files/table_b299.xvg table_files/table_b3.xvg table_files/table_b30.xvg table_files/table_b300.xvg table_files/table_b301.xvg table_files/table_b302.xvg table_files/table_b303.xvg table_files/table_b304.xvg table_files/table_b305.xvg table_files/table_b306.xvg table_files/table_b307.xvg table_files/table_b308.xvg table_files/table_b309.xvg table_files/table_b31.xvg table_files/table_b310.xvg table_files/table_b311.xvg table_files/table_b312.xvg table_files/table_b313.xvg table_files/table_b314.xvg table_files/table_b315.xvg table_files/table_b316.xvg table_files/table_b317.xvg table_files/table_b318.xvg table_files/table_b319.xvg table_files/table_b32.xvg table_files/table_b320.xvg table_files/table_b321.xvg table_files/table_b322.xvg table_files/table_b323.xvg table_files/table_b324.xvg table_files/table_b325.xvg table_files/table_b326.xvg table_files/table_b327.xvg table_files/table_b328.xvg table_files/table_b329.xvg table_files/table_b33.xvg table_files/table_b330.xvg table_files/table_b331.xvg table_files/table_b332.xvg table_files/table_b333.xvg table_files/table_b334.xvg table_files/table_b335.xvg table_files/table_b336.xvg table_files/table_b337.xvg table_files/table_b338.xvg table_files/table_b339.xvg table_files/table_b34.xvg table_files/table_b35.xvg table_files/table_b36.xvg table_files/table_b37.xvg table_files/table_b38.xvg table_files/table_b39.xvg table_files/table_b4.xvg table_files/table_b40.xvg table_files/table_b41.xvg table_files/table_b42.xvg table_files/table_b43.xvg table_files/table_b44.xvg table_files/table_b45.xvg table_files/table_b46.xvg table_files/table_b47.xvg table_files/table_b48.xvg table_files/table_b49.xvg table_files/table_b5.xvg table_files/table_b50.xvg table_files/table_b51.xvg table_files/table_b52.xvg table_files/table_b53.xvg table_files/table_b54.xvg table_files/table_b55.xvg table_files/table_b56.xvg table_files/table_b57.xvg table_files/table_b58.xvg table_files/table_b59.xvg table_files/table_b6.xvg table_files/table_b60.xvg table_files/table_b61.xvg table_files/table_b62.xvg table_files/table_b63.xvg table_files/table_b64.xvg table_files/table_b65.xvg table_files/table_b66.xvg table_files/table_b67.xvg table_files/table_b68.xvg table_files/table_b69.xvg table_files/table_b7.xvg table_files/table_b70.xvg table_files/table_b71.xvg table_files/table_b72.xvg table_files/table_b73.xvg table_files/table_b74.xvg table_files/table_b75.xvg table_files/table_b76.xvg table_files/table_b77.xvg table_files/table_b78.xvg table_files/table_b79.xvg table_files/table_b8.xvg table_files/table_b80.xvg table_files/table_b81.xvg table_files/table_b82.xvg table_files/table_b83.xvg table_files/table_b84.xvg table_files/table_b85.xvg table_files/table_b86.xvg table_files/table_b87.xvg table_files/table_b88.xvg table_files/table_b89.xvg table_files/table_b9.xvg table_files/table_b90.xvg table_files/table_b91.xvg table_files/table_b92.xvg table_files/table_b93.xvg table_files/table_b94.xvg table_files/table_b95.xvg table_files/table_b96.xvg table_files/table_b97.xvg table_files/table_b98.xvg table_files/table_b99.xvg

GROMACS version:    2018.3
Precision:          single
Memory model:       64 bit
MPI library:        thread_mpi
OpenMP support:     disabled
GPU support:        disabled
SIMD instructions:  AVX_256
FFT library:        fftw-3.3.8-sse2
RDTSCP usage:       enabled
TNG support:        enabled
Hwloc support:      disabled
Tracing support:    disabled
Built on:           2018-08-26 19:44:28
Built by:           brew@Mojave-3.local [CMAKE]
Build OS/arch:      Darwin 18.0.0 x86_64
Build CPU vendor:   Intel
Build CPU brand:    Intel(R) Core(TM) i7-3720QM CPU @ 2.60GHz
Build CPU family:   6   Model: 58   Stepping: 9
Build CPU features: aes apic avx clfsh cmov cx8 cx16 f16c intel lahf mmx msr nonstop_tsc pcid pclmuldq popcnt pse rdrnd rdtscp sse2 sse3 sse4.1 sse4.2 ssse3 tdt x2apic
C compiler:         /usr/local/Homebrew/Library/Homebrew/shims/mac/super/clang AppleClang 10.0.0.10001043
C compiler flags:    -mavx    -Wno-unknown-pragmas  -DNDEBUG  
C++ compiler:       /usr/local/Homebrew/Library/Homebrew/shims/mac/super/clang++ AppleClang 10.0.0.10001043
C++ compiler flags:  -mavx    -std=c++11  -Wno-unknown-pragmas  -DNDEBUG  


Running on 1 node with total 8 cores, 8 logical cores
Hardware detected:
  CPU info:
    Vendor: Intel
    Brand:  Intel(R) Core(TM) i7-7820HQ CPU @ 2.90GHz
    Family: 6   Model: 158   Stepping: 9
    Features: aes apic avx avx2 clfsh cmov cx8 cx16 f16c fma hle htt intel lahf mmx msr nonstop_tsc pcid pclmuldq pdcm pdpe1gb popcnt pse rdrnd rdtscp rtm sse2 sse3 sse4.1 sse4.2 ssse3 tdt x2apic
  Hardware topology: Only logical processor count

Highest SIMD level requested by all nodes in run: AVX2_256
SIMD instructions selected at compile time:       AVX_256
This program was compiled for different hardware than you are running on,
which could influence performance.

++++ PLEASE READ AND CITE THE FOLLOWING REFERENCE ++++
M. J. Abraham, T. Murtola, R. Schulz, S. Páll, J. C. Smith, B. Hess, E.
Lindahl
GROMACS: High performance molecular simulations through multi-level
parallelism from laptops to supercomputers
SoftwareX 1 (2015) pp. 19-25
-------- -------- --- Thank You --- -------- --------


++++ PLEASE READ AND CITE THE FOLLOWING REFERENCE ++++
S. Páll, M. J. Abraham, C. Kutzner, B. Hess, E. Lindahl
Tackling Exascale Software Challenges in Molecular Dynamics Simulations with
GROMACS
In S. Markidis & E. Laure (Eds.), Solving Software Challenges for Exascale 8759 (2015) pp. 3-27
-------- -------- --- Thank You --- -------- --------


++++ PLEASE READ AND CITE THE FOLLOWING REFERENCE ++++
S. Pronk, S. Páll, R. Schulz, P. Larsson, P. Bjelkmar, R. Apostolov, M. R.
Shirts, J. C. Smith, P. M. Kasson, D. van der Spoel, B. Hess, and E. Lindahl
GROMACS 4.5: a high-throughput and highly parallel open source molecular
simulation toolkit
Bioinformatics 29 (2013) pp. 845-54
-------- -------- --- Thank You --- -------- --------


++++ PLEASE READ AND CITE THE FOLLOWING REFERENCE ++++
B. Hess and C. Kutzner and D. van der Spoel and E. Lindahl
GROMACS 4: Algorithms for highly efficient, load-balanced, and scalable
molecular simulation
J. Chem. Theory Comput. 4 (2008) pp. 435-447
-------- -------- --- Thank You --- -------- --------


++++ PLEASE READ AND CITE THE FOLLOWING REFERENCE ++++
D. van der Spoel, E. Lindahl, B. Hess, G. Groenhof, A. E. Mark and H. J. C.
Berendsen
GROMACS: Fast, Flexible and Free
J. Comp. Chem. 26 (2005) pp. 1701-1719
-------- -------- --- Thank You --- -------- --------


++++ PLEASE READ AND CITE THE FOLLOWING REFERENCE ++++
E. Lindahl and B. Hess and D. van der Spoel
GROMACS 3.0: A package for molecular simulation and trajectory analysis
J. Mol. Mod. 7 (2001) pp. 306-317
-------- -------- --- Thank You --- -------- --------


++++ PLEASE READ AND CITE THE FOLLOWING REFERENCE ++++
H. J. C. Berendsen, D. van der Spoel and R. van Drunen
GROMACS: A message-passing parallel molecular dynamics implementation
Comp. Phys. Comm. 91 (1995) pp. 43-56
-------- -------- --- Thank You --- -------- --------

Input Parameters:
   integrator                     = sd
   tinit                          = 0
   dt                             = 0.0002
   nsteps                         = 100
   init-step                      = 0
   simulation-part                = 1
   comm-mode                      = Angular
   nstcomm                        = 100
   bd-fric                        = 0
   ld-seed                        = 130
   emtol                          = 10
   emstep                         = 0.01
   niter                          = 20
   fcstep                         = 0
   nstcgsteep                     = 1000
   nbfgscorr                      = 10
   rtpi                           = 0.05
   nstxout                        = 200
   nstvout                        = 200
   nstfout                        = 0
   nstlog                         = 200
   nstcalcenergy                  = 100
   nstenergy                      = 200
   nstxout-compressed             = 200
   compressed-x-precision         = 1000
   cutoff-scheme                  = Group
   nstlist                        = 20
   ns-type                        = Grid
   pbc                            = xyz
   periodic-molecules             = false
   verlet-buffer-tolerance        = 0.005
   rlist                          = 3
   coulombtype                    = User
   coulomb-modifier               = None
   rcoulomb-switch                = 0
   rcoulomb                       = 3
   epsilon-r                      = 1
   epsilon-rf                     = inf
   vdw-type                       = User
   vdw-modifier                   = None
   rvdw-switch                    = 0
   rvdw                           = 3
   DispCorr                       = No
   table-extension                = 38
   fourierspacing                 = 0.12
   fourier-nx                     = 0
   fourier-ny                     = 0
   fourier-nz                     = 0
   pme-order                      = 4
   ewald-rtol                     = 1e-05
   ewald-rtol-lj                  = 0.001
   lj-pme-comb-rule               = Geometric
   ewald-geometry                 = 0
   epsilon-surface                = 0
   implicit-solvent               = No
   gb-algorithm                   = Still
   nstgbradii                     = 1
   rgbradii                       = 1
   gb-epsilon-solvent             = 80
   gb-saltconc                    = 0
   gb-obc-alpha                   = 1
   gb-obc-beta                    = 0.8
   gb-obc-gamma                   = 4.85
   gb-dielectric-offset           = 0.009
   sa-algorithm                   = Ace-approximation
   sa-surface-tension             = 2.05016
   tcoupl                         = No
   nsttcouple                     = -1
   nh-chain-length                = 0
   print-nose-hoover-chain-variables = false
   pcoupl                         = No
   pcoupltype                     = Isotropic
   nstpcouple                     = -1
   tau-p                          = 1
   compressibility (3x3):
      compressibility[    0]={ 0.00000e+00,  0.00000e+00,  0.00000e+00}
      compressibility[    1]={ 0.00000e+00,  0.00000e+00,  0.00000e+00}
      compressibility[    2]={ 0.00000e+00,  0.00000e+00,  0.00000e+00}
   ref-p (3x3):
      ref-p[    0]={ 0.00000e+00,  0.00000e+00,  0.00000e+00}
      ref-p[    1]={ 0.00000e+00,  0.00000e+00,  0.00000e+00}
      ref-p[    2]={ 0.00000e+00,  0.00000e+00,  0.00000e+00}
   refcoord-scaling               = No
   posres-com (3):
      posres-com[0]= 0.00000e+00
      posres-com[1]= 0.00000e+00
      posres-com[2]= 0.00000e+00
   posres-comB (3):
      posres-comB[0]= 0.00000e+00
      posres-comB[1]= 0.00000e+00
      posres-comB[2]= 0.00000e+00
   QMMM                           = false
   QMconstraints                  = 0
   QMMMscheme                     = 0
   MMChargeScaleFactor            = 1
qm-opts:
   ngQM                           = 0
   constraint-algorithm           = Lincs
   continuation                   = false
   Shake-SOR                      = false
   shake-tol                      = 0.0001
   lincs-order                    = 4
   lincs-iter                     = 1
   lincs-warnangle                = 30
   nwall                          = 0
   wall-type                      = 9-3
   wall-r-linpot                  = -1
   wall-atomtype[0]               = -1
   wall-atomtype[1]               = -1
   wall-density[0]                = 0
   wall-density[1]                = 0
   wall-ewald-zfac                = 3
   pull                           = false
   awh                            = false
   rotation                       = false
   interactiveMD                  = false
   disre                          = No
   disre-weighting                = Conservative
   disre-mixed                    = false
   dr-fc                          = 1000
   dr-tau                         = 0
   nstdisreout                    = 100
   orire-fc                       = 0
   orire-tau                      = 0
   nstorireout                    = 100
   free-energy                    = no
   cos-acceleration               = 0
   deform (3x3):
      deform[    0]={ 0.00000e+00,  0.00000e+00,  0.00000e+00}
      deform[    1]={ 0.00000e+00,  0.00000e+00,  0.00000e+00}
      deform[    2]={ 0.00000e+00,  0.00000e+00,  0.00000e+00}
   simulated-tempering            = false
   swapcoords                     = no
   userint1                       = 0
   userint2                       = 0
   userint3                       = 0
   userint4                       = 0
   userreal1                      = 0
   userreal2                      = 0
   userreal3                      = 0
   userreal4                      = 0
   applied-forces:
     electric-field:
       x:
         E0                       = 0
         omega                    = 0
         t0                       = 0
         sigma                    = 0
       y:
         E0                       = 0
         omega                    = 0
         t0                       = 0
         sigma                    = 0
       z:
         E0                       = 0
         omega                    = 0
         t0                       = 0
         sigma                    = 0
grpopts:
   nrdf:         462
   ref-t:         200
   tau-t:           1
annealing:          No
annealing-npoints:           0
   acc:	           0           0           0
   nfreeze:           N           N           N
   energygrp-flags[  0]: 0

Using 1 MPI thread

NOTE: This file uses the deprecated 'group' cutoff_scheme. This will be
removed in a future release when 'verlet' supports all interaction forms.

System total charge: 0.000
Potential shift: LJ r^-12: 0.000e+00 r^-6: 0.000e+00
Table routines are used for coulomb: true
Table routines are used for vdw:     true
Cut-off's:   NS: 3   Coulomb: 3   LJ: 3
Read user tables from table_file.xvg with 13000 data points.
Tabscale = 200 points/nm
Read user tables from table_file.xvg with 13000 data points.
Tabscale = 200 points/nm

Removing pbc first time
Intra-simulation communication will occur every 20 steps.
Center of mass motion removal mode is Angular
We have the following groups for center of mass motion removal:
  0:  rest

++++ PLEASE READ AND CITE THE FOLLOWING REFERENCE ++++
N. Goga and A. J. Rzepiela and A. H. de Vries and S. J. Marrink and H. J. C.
Berendsen
Efficient Algorithms for Langevin and DPD Dynamics
J. Chem. Theory Comput. 8 (2012) pp. 3637--3649
-------- -------- --- Thank You --- -------- --------

There are: 156 Atoms
Initial temperature: 199.525 K

Started mdrun on rank 0 Sat Mar  9 17:41:19 2019
           Step           Time
              0        0.00000


Grid: 17 x 17 x 17 cells
   Energies (kJ/mol)
           Bond          Angle    Proper Dih.          LJ-14     Coulomb-14
    2.20633e-01    9.72584e-03    1.58685e-03   -3.52025e+02    0.00000e+00
        LJ (SR)   Coulomb (SR)      Potential    Kinetic En.   Total Energy
    5.22256e-01    0.00000e+00   -3.51270e+02    3.83116e+02    3.18458e+01
    Temperature Pressure (bar)
    1.99473e+02    3.27206e-02

           Step           Time
            100        0.02000

Writing checkpoint, step 100 at Sat Mar  9 17:41:19 2019


   Energies (kJ/mol)
           Bond          Angle    Proper Dih.          LJ-14     Coulomb-14
    8.09292e+01    3.07214e+01    7.30873e+00   -3.19668e+02    0.00000e+00
        LJ (SR)   Coulomb (SR)      Potential    Kinetic En.   Total Energy
    5.05379e-01    0.00000e+00   -2.00203e+02    2.35695e+02    3.54922e+01
    Temperature Pressure (bar)
    1.22717e+02   -7.71968e-03

	<======  ###############  ==>
	<====  A V E R A G E S  ====>
	<==  ###############  ======>

	Statistics over 101 steps using 2 frames

   Energies (kJ/mol)
           Bond          Angle    Proper Dih.          LJ-14     Coulomb-14
    4.05749e+01    1.53656e+01    3.65516e+00   -3.35846e+02    0.00000e+00
        LJ (SR)   Coulomb (SR)      Potential    Kinetic En.   Total Energy
    5.13817e-01    0.00000e+00   -2.75737e+02    3.09406e+02    3.36690e+01
    Temperature Pressure (bar)
    1.61095e+02    1.25004e-02

   Total Virial (kJ/mol)
    1.02740e+02    2.59449e+01   -2.09596e+01
    2.59427e+01    2.28774e+01   -8.32826e+00
   -2.09568e+01   -8.33270e+00    4.26398e+01

   Pressure (bar)
    1.58574e-03   -3.67527e-03    4.86116e-03
   -3.67470e-03    1.93536e-02    3.53047e-03
    4.86041e-03    3.53165e-03    1.65620e-02


	M E G A - F L O P S   A C C O U N T I N G

 NB=Group-cutoff nonbonded kernels    NxN=N-by-N cluster Verlet kernels
 RF=Reaction-Field  VdW=Van der Waals  QSTab=quadratic-spline table
 W3=SPC/TIP3p  W4=TIP4p (single or pairs)
 V&F=Potential and force  V=Potential only  F=Force only

 Computing:                               M-Number         M-Flops  % Flops
-----------------------------------------------------------------------------
 NB VdW [V&F]                             1.250232           1.250     1.4
 NB VdW [F]                              53.088610          53.089    61.4
 1,4 nonbonded interactions               0.218665          19.680    22.8
 NS-Pairs                                 0.072990           1.533     1.8
 Reset In Box                             0.000936           0.003     0.0
 Shift-X                                  0.031512           0.189     0.2
 CG-CoM                                   0.000936           0.003     0.0
 Bonds                                    0.015655           0.924     1.1
 Angles                                   0.015554           2.613     3.0
 Propers                                  0.030906           7.077     8.2
 Virial                                   0.000402           0.007     0.0
 Stop-CM                                  0.000468           0.005     0.0
 Calc-Ekin                                0.001872           0.051     0.1
-----------------------------------------------------------------------------
 Total                                                      86.423   100.0
-----------------------------------------------------------------------------


     R E A L   C Y C L E   A N D   T I M E   A C C O U N T I N G

On 1 MPI rank

 Computing:          Num   Num      Call    Wall time         Giga-Cycles
                     Ranks Threads  Count      (s)         total sum    %
-----------------------------------------------------------------------------
 Neighbor search        1    1          6       0.002          0.007   7.4
 Force                  1    1        101       0.019          0.055  58.6
 Write traj.            1    1          2       0.010          0.028  30.5
 Update                 1    1        101       0.001          0.002   2.2
 Rest                                           0.000          0.001   1.5
-----------------------------------------------------------------------------
 Total                                          0.032          0.093 100.0
-----------------------------------------------------------------------------

               Core t (s)   Wall t (s)        (%)
       Time:        0.032        0.032      100.0
                 (ns/day)    (hour/ns)
Performance:       54.504        0.440
Finished mdrun on rank 0 Sat Mar  9 17:41:19 2019
